{"/home/slyfird/Documents/Projets/TaskPlex/frontend/src/components/ui/DownloadNotifications.tsx": {"path":"/home/slyfird/Documents/Projets/TaskPlex/frontend/src/components/ui/DownloadNotifications.tsx","statementMap":{"0":{"start":{"line":7,"column":21},"end":{"line":14,"column":null}},"1":{"start":{"line":8,"column":2},"end":{"line":13,"column":null}},"2":{"start":{"line":9,"column":4},"end":{"line":10,"column":null}},"3":{"start":{"line":12,"column":4},"end":{"line":12,"column":null}},"4":{"start":{"line":17,"column":28},"end":{"line":28,"column":null}},"5":{"start":{"line":18,"column":2},"end":{"line":27,"column":null}},"6":{"start":{"line":19,"column":21},"end":{"line":19,"column":null}},"7":{"start":{"line":20,"column":28},"end":{"line":20,"column":null}},"8":{"start":{"line":21,"column":26},"end":{"line":21,"column":null}},"9":{"start":{"line":22,"column":4},"end":{"line":22,"column":null}},"10":{"start":{"line":23,"column":4},"end":{"line":23,"column":null}},"11":{"start":{"line":25,"column":4},"end":{"line":25,"column":null}},"12":{"start":{"line":26,"column":4},"end":{"line":26,"column":null}},"13":{"start":{"line":38,"column":58},"end":{"line":127,"column":null}},"14":{"start":{"line":45,"column":12},"end":{"line":45,"column":null}},"15":{"start":{"line":47,"column":23},"end":{"line":63,"column":null}},"16":{"start":{"line":65,"column":17},"end":{"line":65,"column":null}},"17":{"start":{"line":67,"column":2},"end":{"line":125,"column":null}},"18":{"start":{"line":129,"column":47},"end":{"line":176,"column":null}},"19":{"start":{"line":130,"column":44},"end":{"line":130,"column":null}},"20":{"start":{"line":131,"column":40},"end":{"line":131,"column":null}},"21":{"start":{"line":134,"column":2},"end":{"line":140,"column":null}},"22":{"start":{"line":136,"column":18},"end":{"line":138,"column":null}},"23":{"start":{"line":137,"column":6},"end":{"line":137,"column":null}},"24":{"start":{"line":139,"column":4},"end":{"line":139,"column":null}},"25":{"start":{"line":139,"column":17},"end":{"line":139,"column":null}},"26":{"start":{"line":142,"column":8},"end":{"line":150,"column":null}},"27":{"start":{"line":144,"column":17},"end":{"line":144,"column":null}},"28":{"start":{"line":145,"column":4},"end":{"line":145,"column":null}},"29":{"start":{"line":146,"column":4},"end":{"line":146,"column":null}},"30":{"start":{"line":147,"column":4},"end":{"line":147,"column":null}},"31":{"start":{"line":148,"column":4},"end":{"line":148,"column":null}},"32":{"start":{"line":149,"column":4},"end":{"line":149,"column":null}},"33":{"start":{"line":152,"column":8},"end":{"line":158,"column":null}},"34":{"start":{"line":153,"column":20},"end":{"line":153,"column":null}},"35":{"start":{"line":154,"column":4},"end":{"line":157,"column":null}},"36":{"start":{"line":156,"column":6},"end":{"line":156,"column":null}},"37":{"start":{"line":160,"column":2},"end":{"line":160,"column":null}},"38":{"start":{"line":160,"column":34},"end":{"line":160,"column":null}},"39":{"start":{"line":162,"column":2},"end":{"line":174,"column":null}},"40":{"start":{"line":165,"column":8},"end":{"line":172,"column":null}},"41":{"start":{"line":168,"column":27},"end":{"line":168,"column":null}},"42":{"start":{"line":169,"column":30},"end":{"line":169,"column":null}}},"fnMap":{"0":{"name":"(anonymous_0)","decl":{"start":{"line":7,"column":21},"end":{"line":7,"column":36}},"loc":{"start":{"line":7,"column":36},"end":{"line":14,"column":null}},"line":7},"1":{"name":"(anonymous_1)","decl":{"start":{"line":17,"column":28},"end":{"line":17,"column":58}},"loc":{"start":{"line":17,"column":58},"end":{"line":28,"column":null}},"line":17},"2":{"name":"(anonymous_2)","decl":{"start":{"line":38,"column":58},"end":{"line":38,"column":59}},"loc":{"start":{"line":44,"column":6},"end":{"line":127,"column":null}},"line":44},"3":{"name":"(anonymous_3)","decl":{"start":{"line":129,"column":47},"end":{"line":129,"column":53}},"loc":{"start":{"line":129,"column":53},"end":{"line":176,"column":null}},"line":129},"4":{"name":"(anonymous_4)","decl":{"start":{"line":134,"column":12},"end":{"line":134,"column":18}},"loc":{"start":{"line":134,"column":18},"end":{"line":140,"column":5}},"line":134},"5":{"name":"(anonymous_5)","decl":{"start":{"line":136,"column":29},"end":{"line":136,"column":35}},"loc":{"start":{"line":136,"column":35},"end":{"line":138,"column":7}},"line":136},"6":{"name":"(anonymous_6)","decl":{"start":{"line":139,"column":11},"end":{"line":139,"column":17}},"loc":{"start":{"line":139,"column":17},"end":{"line":139,"column":null}},"line":139},"7":{"name":"(anonymous_7)","decl":{"start":{"line":142,"column":39},"end":{"line":142,"column":40}},"loc":{"start":{"line":142,"column":79},"end":{"line":150,"column":5}},"line":142},"8":{"name":"(anonymous_8)","decl":{"start":{"line":152,"column":39},"end":{"line":152,"column":51}},"loc":{"start":{"line":152,"column":51},"end":{"line":158,"column":5}},"line":152},"9":{"name":"(anonymous_9)","decl":{"start":{"line":164,"column":25},"end":{"line":164,"column":26}},"loc":{"start":{"line":165,"column":8},"end":{"line":172,"column":null}},"line":165},"10":{"name":"(anonymous_10)","decl":{"start":{"line":168,"column":21},"end":{"line":168,"column":27}},"loc":{"start":{"line":168,"column":27},"end":{"line":168,"column":null}},"line":168},"11":{"name":"(anonymous_11)","decl":{"start":{"line":169,"column":24},"end":{"line":169,"column":30}},"loc":{"start":{"line":169,"column":30},"end":{"line":169,"column":null}},"line":169}},"branchMap":{"0":{"loc":{"start":{"line":9,"column":11},"end":{"line":10,"column":null}},"type":"binary-expr","locations":[{"start":{"line":9,"column":11},"end":{"line":9,"column":null}},{"start":{"line":10,"column":12},"end":{"line":10,"column":47}},{"start":{"line":10,"column":47},"end":{"line":10,"column":null}}],"line":9},"1":{"loc":{"start":{"line":82,"column":11},"end":{"line":82,"column":null}},"type":"binary-expr","locations":[{"start":{"line":82,"column":11},"end":{"line":82,"column":52}},{"start":{"line":82,"column":52},"end":{"line":82,"column":null}}],"line":82},"2":{"loc":{"start":{"line":83,"column":11},"end":{"line":83,"column":null}},"type":"binary-expr","locations":[{"start":{"line":83,"column":11},"end":{"line":83,"column":50}},{"start":{"line":83,"column":50},"end":{"line":83,"column":null}}],"line":83},"3":{"loc":{"start":{"line":84,"column":11},"end":{"line":84,"column":null}},"type":"binary-expr","locations":[{"start":{"line":84,"column":11},"end":{"line":84,"column":47}},{"start":{"line":84,"column":47},"end":{"line":84,"column":71}},{"start":{"line":84,"column":71},"end":{"line":84,"column":null}}],"line":84},"4":{"loc":{"start":{"line":87,"column":9},"end":{"line":114,"column":null}},"type":"binary-expr","locations":[{"start":{"line":87,"column":9},"end":{"line":87,"column":null}},{"start":{"line":88,"column":10},"end":{"line":114,"column":null}}],"line":87},"5":{"loc":{"start":{"line":99,"column":13},"end":{"line":112,"column":null}},"type":"cond-expr","locations":[{"start":{"line":100,"column":14},"end":{"line":107,"column":null}},{"start":{"line":109,"column":14},"end":{"line":112,"column":null}}],"line":99},"6":{"loc":{"start":{"line":154,"column":4},"end":{"line":157,"column":null}},"type":"if","locations":[{"start":{"line":154,"column":4},"end":{"line":157,"column":null}},{"start":{},"end":{}}],"line":154},"7":{"loc":{"start":{"line":160,"column":2},"end":{"line":160,"column":null}},"type":"if","locations":[{"start":{"line":160,"column":2},"end":{"line":160,"column":null}},{"start":{},"end":{}}],"line":160}},"s":{"0":4,"1":0,"2":0,"3":0,"4":4,"5":0,"6":0,"7":0,"8":0,"9":0,"10":0,"11":0,"12":0,"13":4,"14":0,"15":0,"16":0,"17":0,"18":4,"19":0,"20":0,"21":0,"22":0,"23":0,"24":0,"25":0,"26":0,"27":0,"28":0,"29":0,"30":0,"31":0,"32":0,"33":0,"34":0,"35":0,"36":0,"37":0,"38":0,"39":0,"40":0,"41":0,"42":0},"f":{"0":0,"1":0,"2":0,"3":0,"4":0,"5":0,"6":0,"7":0,"8":0,"9":0,"10":0,"11":0},"b":{"0":[0,0,0],"1":[0,0],"2":[0,0],"3":[0,0,0],"4":[0,0],"5":[0,0],"6":[0,0],"7":[0,0]},"meta":{"lastBranch":8,"lastFunction":12,"lastStatement":43,"seen":{"s:7:21:14:Infinity":0,"f:7:21:7:36":0,"s:8:2:13:Infinity":1,"s:9:4:10:Infinity":2,"b:9:11:9:Infinity:10:12:10:47:10:47:10:Infinity":0,"s:12:4:12:Infinity":3,"s:17:28:28:Infinity":4,"f:17:28:17:58":1,"s:18:2:27:Infinity":5,"s:19:21:19:Infinity":6,"s:20:28:20:Infinity":7,"s:21:26:21:Infinity":8,"s:22:4:22:Infinity":9,"s:23:4:23:Infinity":10,"s:25:4:25:Infinity":11,"s:26:4:26:Infinity":12,"s:38:58:127:Infinity":13,"f:38:58:38:59":2,"s:45:12:45:Infinity":14,"s:47:23:63:Infinity":15,"s:65:17:65:Infinity":16,"s:67:2:125:Infinity":17,"b:82:11:82:52:82:52:82:Infinity":1,"b:83:11:83:50:83:50:83:Infinity":2,"b:84:11:84:47:84:47:84:71:84:71:84:Infinity":3,"b:87:9:87:Infinity:88:10:114:Infinity":4,"b:100:14:107:Infinity:109:14:112:Infinity":5,"s:129:47:176:Infinity":18,"f:129:47:129:53":3,"s:130:44:130:Infinity":19,"s:131:40:131:Infinity":20,"s:134:2:140:Infinity":21,"f:134:12:134:18":4,"s:136:18:138:Infinity":22,"f:136:29:136:35":5,"s:137:6:137:Infinity":23,"s:139:4:139:Infinity":24,"f:139:11:139:17":6,"s:139:17:139:Infinity":25,"s:142:8:150:Infinity":26,"f:142:39:142:40":7,"s:144:17:144:Infinity":27,"s:145:4:145:Infinity":28,"s:146:4:146:Infinity":29,"s:147:4:147:Infinity":30,"s:148:4:148:Infinity":31,"s:149:4:149:Infinity":32,"s:152:8:158:Infinity":33,"f:152:39:152:51":8,"s:153:20:153:Infinity":34,"b:154:4:157:Infinity:undefined:undefined:undefined:undefined":6,"s:154:4:157:Infinity":35,"s:156:6:156:Infinity":36,"b:160:2:160:Infinity:undefined:undefined:undefined:undefined":7,"s:160:2:160:Infinity":37,"s:160:34:160:Infinity":38,"s:162:2:174:Infinity":39,"f:164:25:164:26":9,"s:165:8:172:Infinity":40,"f:168:21:168:27":10,"s:168:27:168:Infinity":41,"f:169:24:169:30":11,"s:169:30:169:Infinity":42}}}
,"/home/slyfird/Documents/Projets/TaskPlex/frontend/src/components/ui/ErrorAlert.tsx": {"path":"/home/slyfird/Documents/Projets/TaskPlex/frontend/src/components/ui/ErrorAlert.tsx","statementMap":{"0":{"start":{"line":9,"column":53},"end":{"line":20,"column":null}},"1":{"start":{"line":10,"column":2},"end":{"line":10,"column":null}},"2":{"start":{"line":10,"column":16},"end":{"line":10,"column":null}},"3":{"start":{"line":12,"column":2},"end":{"line":18,"column":null}}},"fnMap":{"0":{"name":"(anonymous_0)","decl":{"start":{"line":9,"column":53},"end":{"line":9,"column":54}},"loc":{"start":{"line":9,"column":86},"end":{"line":20,"column":null}},"line":9}},"branchMap":{"0":{"loc":{"start":{"line":9,"column":65},"end":{"line":9,"column":80}},"type":"default-arg","locations":[{"start":{"line":9,"column":77},"end":{"line":9,"column":80}}],"line":9},"1":{"loc":{"start":{"line":10,"column":2},"end":{"line":10,"column":null}},"type":"if","locations":[{"start":{"line":10,"column":2},"end":{"line":10,"column":null}},{"start":{},"end":{}}],"line":10}},"s":{"0":4,"1":27,"2":27,"3":0},"f":{"0":27},"b":{"0":[27],"1":[27,0]},"meta":{"lastBranch":2,"lastFunction":1,"lastStatement":4,"seen":{"s:9:53:20:Infinity":0,"f:9:53:9:54":0,"b:9:77:9:80":0,"b:10:2:10:Infinity:undefined:undefined:undefined:undefined":1,"s:10:2:10:Infinity":1,"s:10:16:10:Infinity":2,"s:12:2:18:Infinity":3}}}
,"/home/slyfird/Documents/Projets/TaskPlex/frontend/src/components/ui/FileDropzone.tsx": {"path":"/home/slyfird/Documents/Projets/TaskPlex/frontend/src/components/ui/FileDropzone.tsx","statementMap":{"0":{"start":{"line":19,"column":16},"end":{"line":24,"column":null}},"1":{"start":{"line":26,"column":21},"end":{"line":31,"column":null}},"2":{"start":{"line":33,"column":57},"end":{"line":112,"column":null}},"3":{"start":{"line":44,"column":12},"end":{"line":44,"column":null}},"4":{"start":{"line":45,"column":19},"end":{"line":45,"column":null}},"5":{"start":{"line":47,"column":8},"end":{"line":55,"column":null}},"6":{"start":{"line":49,"column":6},"end":{"line":49,"column":null}},"7":{"start":{"line":49,"column":20},"end":{"line":49,"column":null}},"8":{"start":{"line":50,"column":6},"end":{"line":52,"column":null}},"9":{"start":{"line":51,"column":8},"end":{"line":51,"column":null}},"10":{"start":{"line":57,"column":8},"end":{"line":66,"column":null}},"11":{"start":{"line":59,"column":6},"end":{"line":59,"column":null}},"12":{"start":{"line":60,"column":6},"end":{"line":60,"column":null}},"13":{"start":{"line":60,"column":20},"end":{"line":60,"column":null}},"14":{"start":{"line":61,"column":6},"end":{"line":63,"column":null}},"15":{"start":{"line":62,"column":8},"end":{"line":62,"column":null}},"16":{"start":{"line":68,"column":8},"end":{"line":70,"column":null}},"17":{"start":{"line":69,"column":4},"end":{"line":69,"column":null}},"18":{"start":{"line":72,"column":2},"end":{"line":110,"column":null}}},"fnMap":{"0":{"name":"(anonymous_0)","decl":{"start":{"line":33,"column":57},"end":{"line":33,"column":58}},"loc":{"start":{"line":43,"column":6},"end":{"line":112,"column":null}},"line":43},"1":{"name":"(anonymous_1)","decl":{"start":{"line":48,"column":4},"end":{"line":48,"column":5}},"loc":{"start":{"line":48,"column":48},"end":{"line":53,"column":null}},"line":48},"2":{"name":"(anonymous_2)","decl":{"start":{"line":58,"column":4},"end":{"line":58,"column":5}},"loc":{"start":{"line":58,"column":44},"end":{"line":64,"column":null}},"line":58},"3":{"name":"(anonymous_3)","decl":{"start":{"line":68,"column":37},"end":{"line":68,"column":38}},"loc":{"start":{"line":68,"column":77},"end":{"line":70,"column":5}},"line":68}},"branchMap":{"0":{"loc":{"start":{"line":37,"column":2},"end":{"line":37,"column":null}},"type":"default-arg","locations":[{"start":{"line":37,"column":13},"end":{"line":37,"column":null}}],"line":37},"1":{"loc":{"start":{"line":40,"column":2},"end":{"line":40,"column":null}},"type":"default-arg","locations":[{"start":{"line":40,"column":10},"end":{"line":40,"column":null}}],"line":40},"2":{"loc":{"start":{"line":41,"column":2},"end":{"line":41,"column":null}},"type":"default-arg","locations":[{"start":{"line":41,"column":14},"end":{"line":41,"column":null}}],"line":41},"3":{"loc":{"start":{"line":42,"column":2},"end":{"line":42,"column":null}},"type":"default-arg","locations":[{"start":{"line":42,"column":13},"end":{"line":42,"column":null}}],"line":42},"4":{"loc":{"start":{"line":49,"column":6},"end":{"line":49,"column":null}},"type":"if","locations":[{"start":{"line":49,"column":6},"end":{"line":49,"column":null}},{"start":{},"end":{}}],"line":49},"5":{"loc":{"start":{"line":50,"column":6},"end":{"line":52,"column":null}},"type":"if","locations":[{"start":{"line":50,"column":6},"end":{"line":52,"column":null}},{"start":{},"end":{}}],"line":50},"6":{"loc":{"start":{"line":50,"column":10},"end":{"line":50,"column":47}},"type":"binary-expr","locations":[{"start":{"line":50,"column":10},"end":{"line":50,"column":28}},{"start":{"line":50,"column":28},"end":{"line":50,"column":47}}],"line":50},"7":{"loc":{"start":{"line":60,"column":6},"end":{"line":60,"column":null}},"type":"if","locations":[{"start":{"line":60,"column":6},"end":{"line":60,"column":null}},{"start":{},"end":{}}],"line":60},"8":{"loc":{"start":{"line":61,"column":6},"end":{"line":63,"column":null}},"type":"if","locations":[{"start":{"line":61,"column":6},"end":{"line":63,"column":null}},{"start":{},"end":{}}],"line":61},"9":{"loc":{"start":{"line":61,"column":10},"end":{"line":61,"column":59}},"type":"binary-expr","locations":[{"start":{"line":61,"column":10},"end":{"line":61,"column":34}},{"start":{"line":61,"column":34},"end":{"line":61,"column":59}}],"line":61},"10":{"loc":{"start":{"line":74,"column":7},"end":{"line":77,"column":null}},"type":"binary-expr","locations":[{"start":{"line":74,"column":7},"end":{"line":74,"column":null}},{"start":{"line":75,"column":8},"end":{"line":77,"column":null}}],"line":74},"11":{"loc":{"start":{"line":83,"column":10},"end":{"line":85,"column":null}},"type":"cond-expr","locations":[{"start":{"line":84,"column":14},"end":{"line":84,"column":null}},{"start":{"line":85,"column":14},"end":{"line":85,"column":null}}],"line":83},"12":{"loc":{"start":{"line":93,"column":65},"end":{"line":93,"column":115}},"type":"cond-expr","locations":[{"start":{"line":93,"column":76},"end":{"line":93,"column":99}},{"start":{"line":93,"column":99},"end":{"line":93,"column":115}}],"line":93},"13":{"loc":{"start":{"line":95,"column":9},"end":{"line":107,"column":null}},"type":"cond-expr","locations":[{"start":{"line":96,"column":10},"end":{"line":102,"column":null}},{"start":{"line":104,"column":10},"end":{"line":107,"column":null}}],"line":95},"14":{"loc":{"start":{"line":106,"column":16},"end":{"line":106,"column":68}},"type":"cond-expr","locations":[{"start":{"line":106,"column":31},"end":{"line":106,"column":49}},{"start":{"line":106,"column":49},"end":{"line":106,"column":68}}],"line":106}},"s":{"0":4,"1":4,"2":4,"3":27,"4":27,"5":27,"6":7,"7":0,"8":7,"9":7,"10":27,"11":0,"12":0,"13":0,"14":0,"15":0,"16":27,"17":0,"18":27},"f":{"0":27,"1":7,"2":0,"3":0},"b":{"0":[27],"1":[27],"2":[27],"3":[27],"4":[0,7],"5":[7,0],"6":[7,7],"7":[0,0],"8":[0,0],"9":[0,0],"10":[27,27],"11":[0,27],"12":[0,27],"13":[11,16],"14":[16,0]},"meta":{"lastBranch":15,"lastFunction":4,"lastStatement":19,"seen":{"s:19:16:24:Infinity":0,"s:26:21:31:Infinity":1,"s:33:57:112:Infinity":2,"f:33:57:33:58":0,"b:37:13:37:Infinity":0,"b:40:10:40:Infinity":1,"b:41:14:41:Infinity":2,"b:42:13:42:Infinity":3,"s:44:12:44:Infinity":3,"s:45:19:45:Infinity":4,"s:47:8:55:Infinity":5,"f:48:4:48:5":1,"b:49:6:49:Infinity:undefined:undefined:undefined:undefined":4,"s:49:6:49:Infinity":6,"s:49:20:49:Infinity":7,"b:50:6:52:Infinity:undefined:undefined:undefined:undefined":5,"s:50:6:52:Infinity":8,"b:50:10:50:28:50:28:50:47":6,"s:51:8:51:Infinity":9,"s:57:8:66:Infinity":10,"f:58:4:58:5":2,"s:59:6:59:Infinity":11,"b:60:6:60:Infinity:undefined:undefined:undefined:undefined":7,"s:60:6:60:Infinity":12,"s:60:20:60:Infinity":13,"b:61:6:63:Infinity:undefined:undefined:undefined:undefined":8,"s:61:6:63:Infinity":14,"b:61:10:61:34:61:34:61:59":9,"s:62:8:62:Infinity":15,"s:68:8:70:Infinity":16,"f:68:37:68:38":3,"s:69:4:69:Infinity":17,"s:72:2:110:Infinity":18,"b:74:7:74:Infinity:75:8:77:Infinity":10,"b:84:14:84:Infinity:85:14:85:Infinity":11,"b:93:76:93:99:93:99:93:115":12,"b:96:10:102:Infinity:104:10:107:Infinity":13,"b:106:31:106:49:106:49:106:68":14}}}
,"/home/slyfird/Documents/Projets/TaskPlex/frontend/src/components/ui/FormatSelector.tsx": {"path":"/home/slyfird/Documents/Projets/TaskPlex/frontend/src/components/ui/FormatSelector.tsx","statementMap":{"0":{"start":{"line":13,"column":61},"end":{"line":46,"column":null}},"1":{"start":{"line":21,"column":12},"end":{"line":21,"column":null}},"2":{"start":{"line":23,"column":2},"end":{"line":44,"column":null}},"3":{"start":{"line":32,"column":25},"end":{"line":32,"column":null}},"4":{"start":{"line":39,"column":10},"end":{"line":41,"column":null}}},"fnMap":{"0":{"name":"(anonymous_0)","decl":{"start":{"line":13,"column":61},"end":{"line":13,"column":62}},"loc":{"start":{"line":20,"column":6},"end":{"line":46,"column":null}},"line":20},"1":{"name":"(anonymous_1)","decl":{"start":{"line":32,"column":18},"end":{"line":32,"column":19}},"loc":{"start":{"line":32,"column":25},"end":{"line":32,"column":null}},"line":32},"2":{"name":"(anonymous_2)","decl":{"start":{"line":38,"column":21},"end":{"line":38,"column":22}},"loc":{"start":{"line":39,"column":10},"end":{"line":41,"column":null}},"line":39}},"branchMap":{"0":{"loc":{"start":{"line":18,"column":2},"end":{"line":18,"column":null}},"type":"default-arg","locations":[{"start":{"line":18,"column":14},"end":{"line":18,"column":null}}],"line":18},"1":{"loc":{"start":{"line":19,"column":2},"end":{"line":19,"column":null}},"type":"default-arg","locations":[{"start":{"line":19,"column":13},"end":{"line":19,"column":null}}],"line":19},"2":{"loc":{"start":{"line":25,"column":7},"end":{"line":28,"column":null}},"type":"binary-expr","locations":[{"start":{"line":25,"column":7},"end":{"line":25,"column":null}},{"start":{"line":26,"column":8},"end":{"line":28,"column":null}}],"line":25},"3":{"loc":{"start":{"line":35,"column":10},"end":{"line":35,"column":null}},"type":"cond-expr","locations":[{"start":{"line":35,"column":21},"end":{"line":35,"column":55}},{"start":{"line":35,"column":55},"end":{"line":35,"column":null}}],"line":35}},"s":{"0":4,"1":3,"2":3,"3":0,"4":19},"f":{"0":3,"1":0,"2":19},"b":{"0":[3],"1":[3],"2":[3,3],"3":[0,3]},"meta":{"lastBranch":4,"lastFunction":3,"lastStatement":5,"seen":{"s:13:61:46:Infinity":0,"f:13:61:13:62":0,"b:18:14:18:Infinity":0,"b:19:13:19:Infinity":1,"s:21:12:21:Infinity":1,"s:23:2:44:Infinity":2,"b:25:7:25:Infinity:26:8:28:Infinity":2,"f:32:18:32:19":1,"s:32:25:32:Infinity":3,"b:35:21:35:55:35:55:35:Infinity":3,"f:38:21:38:22":2,"s:39:10:41:Infinity":4}}}
,"/home/slyfird/Documents/Projets/TaskPlex/frontend/src/components/ui/OperationToggle.tsx": {"path":"/home/slyfird/Documents/Projets/TaskPlex/frontend/src/components/ui/OperationToggle.tsx","statementMap":{"0":{"start":{"line":19,"column":21},"end":{"line":24,"column":null}},"1":{"start":{"line":26,"column":63},"end":{"line":63,"column":null}},"2":{"start":{"line":35,"column":12},"end":{"line":35,"column":null}},"3":{"start":{"line":37,"column":2},"end":{"line":61,"column":null}},"4":{"start":{"line":46,"column":10},"end":{"line":58,"column":null}},"5":{"start":{"line":49,"column":27},"end":{"line":49,"column":null}}},"fnMap":{"0":{"name":"(anonymous_0)","decl":{"start":{"line":26,"column":63},"end":{"line":26,"column":64}},"loc":{"start":{"line":34,"column":6},"end":{"line":63,"column":null}},"line":34},"1":{"name":"(anonymous_1)","decl":{"start":{"line":45,"column":24},"end":{"line":45,"column":25}},"loc":{"start":{"line":46,"column":10},"end":{"line":58,"column":null}},"line":46},"2":{"name":"(anonymous_2)","decl":{"start":{"line":49,"column":21},"end":{"line":49,"column":27}},"loc":{"start":{"line":49,"column":27},"end":{"line":49,"column":null}},"line":49}},"branchMap":{"0":{"loc":{"start":{"line":31,"column":2},"end":{"line":31,"column":null}},"type":"default-arg","locations":[{"start":{"line":31,"column":10},"end":{"line":31,"column":null}}],"line":31},"1":{"loc":{"start":{"line":32,"column":2},"end":{"line":32,"column":null}},"type":"default-arg","locations":[{"start":{"line":32,"column":14},"end":{"line":32,"column":null}}],"line":32},"2":{"loc":{"start":{"line":33,"column":2},"end":{"line":33,"column":null}},"type":"default-arg","locations":[{"start":{"line":33,"column":13},"end":{"line":33,"column":null}}],"line":33},"3":{"loc":{"start":{"line":39,"column":7},"end":{"line":42,"column":null}},"type":"binary-expr","locations":[{"start":{"line":39,"column":7},"end":{"line":39,"column":null}},{"start":{"line":40,"column":8},"end":{"line":42,"column":null}}],"line":39},"4":{"loc":{"start":{"line":52,"column":14},"end":{"line":54,"column":null}},"type":"cond-expr","locations":[{"start":{"line":53,"column":18},"end":{"line":53,"column":null}},{"start":{"line":54,"column":18},"end":{"line":54,"column":null}}],"line":52},"5":{"loc":{"start":{"line":55,"column":16},"end":{"line":55,"column":77}},"type":"cond-expr","locations":[{"start":{"line":55,"column":27},"end":{"line":55,"column":61}},{"start":{"line":55,"column":61},"end":{"line":55,"column":77}}],"line":55}},"s":{"0":4,"1":4,"2":27,"3":27,"4":54,"5":6},"f":{"0":27,"1":54,"2":6},"b":{"0":[27],"1":[27],"2":[27],"3":[27,27],"4":[27,27],"5":[0,54]},"meta":{"lastBranch":6,"lastFunction":3,"lastStatement":6,"seen":{"s:19:21:24:Infinity":0,"s:26:63:63:Infinity":1,"f:26:63:26:64":0,"b:31:10:31:Infinity":0,"b:32:14:32:Infinity":1,"b:33:13:33:Infinity":2,"s:35:12:35:Infinity":2,"s:37:2:61:Infinity":3,"b:39:7:39:Infinity:40:8:42:Infinity":3,"f:45:24:45:25":1,"s:46:10:58:Infinity":4,"f:49:21:49:27":2,"s:49:27:49:Infinity":5,"b:53:18:53:Infinity:54:18:54:Infinity":4,"b:55:27:55:61:55:61:55:77":5}}}
,"/home/slyfird/Documents/Projets/TaskPlex/frontend/src/components/ui/ProcessButton.tsx": {"path":"/home/slyfird/Documents/Projets/TaskPlex/frontend/src/components/ui/ProcessButton.tsx","statementMap":{"0":{"start":{"line":15,"column":21},"end":{"line":20,"column":null}},"1":{"start":{"line":22,"column":59},"end":{"line":49,"column":null}},"2":{"start":{"line":31,"column":12},"end":{"line":31,"column":null}},"3":{"start":{"line":32,"column":21},"end":{"line":32,"column":null}},"4":{"start":{"line":34,"column":2},"end":{"line":47,"column":null}}},"fnMap":{"0":{"name":"(anonymous_0)","decl":{"start":{"line":22,"column":59},"end":{"line":22,"column":60}},"loc":{"start":{"line":30,"column":6},"end":{"line":49,"column":null}},"line":30}},"branchMap":{"0":{"loc":{"start":{"line":24,"column":2},"end":{"line":24,"column":null}},"type":"default-arg","locations":[{"start":{"line":24,"column":13},"end":{"line":24,"column":null}}],"line":24},"1":{"loc":{"start":{"line":25,"column":2},"end":{"line":25,"column":null}},"type":"default-arg","locations":[{"start":{"line":25,"column":12},"end":{"line":25,"column":null}}],"line":25},"2":{"loc":{"start":{"line":28,"column":2},"end":{"line":28,"column":null}},"type":"default-arg","locations":[{"start":{"line":28,"column":10},"end":{"line":28,"column":null}}],"line":28},"3":{"loc":{"start":{"line":29,"column":2},"end":{"line":29,"column":null}},"type":"default-arg","locations":[{"start":{"line":29,"column":14},"end":{"line":29,"column":null}}],"line":29},"4":{"loc":{"start":{"line":32,"column":21},"end":{"line":32,"column":null}},"type":"binary-expr","locations":[{"start":{"line":32,"column":21},"end":{"line":32,"column":33}},{"start":{"line":32,"column":33},"end":{"line":32,"column":null}}],"line":32},"5":{"loc":{"start":{"line":40,"column":8},"end":{"line":42,"column":null}},"type":"cond-expr","locations":[{"start":{"line":41,"column":12},"end":{"line":41,"column":null}},{"start":{"line":42,"column":12},"end":{"line":42,"column":null}}],"line":40},"6":{"loc":{"start":{"line":45,"column":7},"end":{"line":45,"column":null}},"type":"binary-expr","locations":[{"start":{"line":45,"column":7},"end":{"line":45,"column":18}},{"start":{"line":45,"column":18},"end":{"line":45,"column":null}}],"line":45},"7":{"loc":{"start":{"line":46,"column":7},"end":{"line":46,"column":null}},"type":"cond-expr","locations":[{"start":{"line":46,"column":36},"end":{"line":46,"column":57}},{"start":{"line":46,"column":57},"end":{"line":46,"column":null}}],"line":46},"8":{"loc":{"start":{"line":46,"column":7},"end":{"line":46,"column":36}},"type":"binary-expr","locations":[{"start":{"line":46,"column":7},"end":{"line":46,"column":18}},{"start":{"line":46,"column":18},"end":{"line":46,"column":36}}],"line":46}},"s":{"0":4,"1":4,"2":27,"3":27,"4":27},"f":{"0":27},"b":{"0":[27],"1":[27],"2":[27],"3":[27],"4":[27,11],"5":[16,11],"6":[27,0],"7":[0,27],"8":[27,0]},"meta":{"lastBranch":9,"lastFunction":1,"lastStatement":5,"seen":{"s:15:21:20:Infinity":0,"s:22:59:49:Infinity":1,"f:22:59:22:60":0,"b:24:13:24:Infinity":0,"b:25:12:25:Infinity":1,"b:28:10:28:Infinity":2,"b:29:14:29:Infinity":3,"s:31:12:31:Infinity":2,"s:32:21:32:Infinity":3,"b:32:21:32:33:32:33:32:Infinity":4,"s:34:2:47:Infinity":4,"b:41:12:41:Infinity:42:12:42:Infinity":5,"b:45:7:45:18:45:18:45:Infinity":6,"b:46:36:46:57:46:57:46:Infinity":7,"b:46:7:46:18:46:18:46:36":8}}}
,"/home/slyfird/Documents/Projets/TaskPlex/frontend/src/components/ui/ProgressBar.tsx": {"path":"/home/slyfird/Documents/Projets/TaskPlex/frontend/src/components/ui/ProgressBar.tsx","statementMap":{"0":{"start":{"line":30,"column":20},"end":{"line":34,"column":null}},"1":{"start":{"line":36,"column":73},"end":{"line":52,"column":null}},"2":{"start":{"line":40,"column":2},"end":{"line":51,"column":null}},"3":{"start":{"line":42,"column":6},"end":{"line":42,"column":null}},"4":{"start":{"line":44,"column":6},"end":{"line":44,"column":null}},"5":{"start":{"line":46,"column":6},"end":{"line":46,"column":null}},"6":{"start":{"line":48,"column":6},"end":{"line":48,"column":null}},"7":{"start":{"line":50,"column":6},"end":{"line":50,"column":null}},"8":{"start":{"line":54,"column":55},"end":{"line":162,"column":null}},"9":{"start":{"line":64,"column":12},"end":{"line":64,"column":null}},"10":{"start":{"line":65,"column":24},"end":{"line":65,"column":null}},"11":{"start":{"line":66,"column":17},"end":{"line":66,"column":null}},"12":{"start":{"line":68,"column":2},"end":{"line":68,"column":null}},"13":{"start":{"line":68,"column":25},"end":{"line":68,"column":null}},"14":{"start":{"line":70,"column":27},"end":{"line":91,"column":null}},"15":{"start":{"line":71,"column":4},"end":{"line":77,"column":null}},"16":{"start":{"line":72,"column":6},"end":{"line":76,"column":null}},"17":{"start":{"line":73,"column":24},"end":{"line":73,"column":null}},"18":{"start":{"line":74,"column":22},"end":{"line":74,"column":null}},"19":{"start":{"line":75,"column":21},"end":{"line":75,"column":null}},"20":{"start":{"line":79,"column":4},"end":{"line":90,"column":null}},"21":{"start":{"line":81,"column":8},"end":{"line":81,"column":null}},"22":{"start":{"line":83,"column":8},"end":{"line":83,"column":null}},"23":{"start":{"line":85,"column":8},"end":{"line":85,"column":null}},"24":{"start":{"line":87,"column":8},"end":{"line":87,"column":null}},"25":{"start":{"line":89,"column":8},"end":{"line":89,"column":null}},"26":{"start":{"line":93,"column":28},"end":{"line":106,"column":null}},"27":{"start":{"line":94,"column":4},"end":{"line":105,"column":null}},"28":{"start":{"line":96,"column":8},"end":{"line":96,"column":null}},"29":{"start":{"line":98,"column":8},"end":{"line":98,"column":null}},"30":{"start":{"line":100,"column":8},"end":{"line":100,"column":null}},"31":{"start":{"line":102,"column":8},"end":{"line":102,"column":null}},"32":{"start":{"line":104,"column":8},"end":{"line":104,"column":null}},"33":{"start":{"line":108,"column":25},"end":{"line":108,"column":null}},"34":{"start":{"line":109,"column":26},"end":{"line":109,"column":null}},"35":{"start":{"line":111,"column":2},"end":{"line":160,"column":null}},"36":{"start":{"line":171,"column":5},"end":{"line":195,"column":null}},"37":{"start":{"line":172,"column":24},"end":{"line":172,"column":null}},"38":{"start":{"line":173,"column":17},"end":{"line":173,"column":null}},"39":{"start":{"line":175,"column":2},"end":{"line":175,"column":null}},"40":{"start":{"line":175,"column":25},"end":{"line":175,"column":null}},"41":{"start":{"line":177,"column":19},"end":{"line":183,"column":null}},"42":{"start":{"line":178,"column":4},"end":{"line":182,"column":null}},"43":{"start":{"line":179,"column":24},"end":{"line":179,"column":null}},"44":{"start":{"line":180,"column":20},"end":{"line":180,"column":null}},"45":{"start":{"line":181,"column":15},"end":{"line":181,"column":null}},"46":{"start":{"line":185,"column":20},"end":{"line":185,"column":null}},"47":{"start":{"line":187,"column":2},"end":{"line":193,"column":null}}},"fnMap":{"0":{"name":"(anonymous_0)","decl":{"start":{"line":36,"column":73},"end":{"line":36,"column":74}},"loc":{"start":{"line":39,"column":6},"end":{"line":52,"column":null}},"line":39},"1":{"name":"(anonymous_1)","decl":{"start":{"line":54,"column":55},"end":{"line":54,"column":56}},"loc":{"start":{"line":63,"column":6},"end":{"line":162,"column":null}},"line":63},"2":{"name":"(anonymous_2)","decl":{"start":{"line":70,"column":27},"end":{"line":70,"column":33}},"loc":{"start":{"line":70,"column":33},"end":{"line":91,"column":null}},"line":70},"3":{"name":"(anonymous_3)","decl":{"start":{"line":93,"column":28},"end":{"line":93,"column":34}},"loc":{"start":{"line":93,"column":34},"end":{"line":106,"column":null}},"line":93},"4":{"name":"(anonymous_4)","decl":{"start":{"line":171,"column":5},"end":{"line":171,"column":6}},"loc":{"start":{"line":171,"column":44},"end":{"line":195,"column":null}},"line":171},"5":{"name":"(anonymous_5)","decl":{"start":{"line":177,"column":19},"end":{"line":177,"column":25}},"loc":{"start":{"line":177,"column":25},"end":{"line":183,"column":null}},"line":177}},"branchMap":{"0":{"loc":{"start":{"line":38,"column":2},"end":{"line":38,"column":null}},"type":"default-arg","locations":[{"start":{"line":38,"column":14},"end":{"line":38,"column":null}}],"line":38},"1":{"loc":{"start":{"line":40,"column":2},"end":{"line":51,"column":null}},"type":"switch","locations":[{"start":{"line":41,"column":4},"end":{"line":42,"column":null}},{"start":{"line":43,"column":4},"end":{"line":44,"column":null}},{"start":{"line":45,"column":4},"end":{"line":46,"column":null}},{"start":{"line":47,"column":4},"end":{"line":48,"column":null}},{"start":{"line":49,"column":4},"end":{"line":50,"column":null}}],"line":40},"2":{"loc":{"start":{"line":58,"column":2},"end":{"line":58,"column":null}},"type":"default-arg","locations":[{"start":{"line":58,"column":19},"end":{"line":58,"column":null}}],"line":58},"3":{"loc":{"start":{"line":59,"column":2},"end":{"line":59,"column":null}},"type":"default-arg","locations":[{"start":{"line":59,"column":13},"end":{"line":59,"column":null}}],"line":59},"4":{"loc":{"start":{"line":60,"column":2},"end":{"line":60,"column":null}},"type":"default-arg","locations":[{"start":{"line":60,"column":14},"end":{"line":60,"column":null}}],"line":60},"5":{"loc":{"start":{"line":61,"column":2},"end":{"line":61,"column":null}},"type":"default-arg","locations":[{"start":{"line":61,"column":9},"end":{"line":61,"column":null}}],"line":61},"6":{"loc":{"start":{"line":62,"column":2},"end":{"line":62,"column":null}},"type":"default-arg","locations":[{"start":{"line":62,"column":12},"end":{"line":62,"column":null}}],"line":62},"7":{"loc":{"start":{"line":68,"column":2},"end":{"line":68,"column":null}},"type":"if","locations":[{"start":{"line":68,"column":2},"end":{"line":68,"column":null}},{"start":{},"end":{}}],"line":68},"8":{"loc":{"start":{"line":71,"column":4},"end":{"line":77,"column":null}},"type":"if","locations":[{"start":{"line":71,"column":4},"end":{"line":77,"column":null}},{"start":{},"end":{}}],"line":71},"9":{"loc":{"start":{"line":72,"column":6},"end":{"line":76,"column":null}},"type":"switch","locations":[{"start":{"line":73,"column":8},"end":{"line":73,"column":null}},{"start":{"line":74,"column":8},"end":{"line":74,"column":null}},{"start":{"line":75,"column":8},"end":{"line":75,"column":null}}],"line":72},"10":{"loc":{"start":{"line":79,"column":4},"end":{"line":90,"column":null}},"type":"switch","locations":[{"start":{"line":80,"column":6},"end":{"line":81,"column":null}},{"start":{"line":82,"column":6},"end":{"line":83,"column":null}},{"start":{"line":84,"column":6},"end":{"line":85,"column":null}},{"start":{"line":86,"column":6},"end":{"line":87,"column":null}},{"start":{"line":88,"column":6},"end":{"line":89,"column":null}}],"line":79},"11":{"loc":{"start":{"line":94,"column":4},"end":{"line":105,"column":null}},"type":"switch","locations":[{"start":{"line":95,"column":6},"end":{"line":96,"column":null}},{"start":{"line":97,"column":6},"end":{"line":98,"column":null}},{"start":{"line":99,"column":6},"end":{"line":100,"column":null}},{"start":{"line":101,"column":6},"end":{"line":102,"column":null}},{"start":{"line":103,"column":6},"end":{"line":104,"column":null}}],"line":94},"12":{"loc":{"start":{"line":108,"column":25},"end":{"line":108,"column":null}},"type":"binary-expr","locations":[{"start":{"line":108,"column":25},"end":{"line":108,"column":36}},{"start":{"line":108,"column":36},"end":{"line":108,"column":null}}],"line":108},"13":{"loc":{"start":{"line":116,"column":11},"end":{"line":116,"column":null}},"type":"binary-expr","locations":[{"start":{"line":116,"column":11},"end":{"line":116,"column":23}},{"start":{"line":116,"column":23},"end":{"line":116,"column":null}}],"line":116},"14":{"loc":{"start":{"line":117,"column":50},"end":{"line":117,"column":92}},"type":"cond-expr","locations":[{"start":{"line":117,"column":59},"end":{"line":117,"column":77}},{"start":{"line":117,"column":77},"end":{"line":117,"column":92}}],"line":117},"15":{"loc":{"start":{"line":121,"column":9},"end":{"line":124,"column":null}},"type":"binary-expr","locations":[{"start":{"line":121,"column":9},"end":{"line":121,"column":27}},{"start":{"line":121,"column":27},"end":{"line":121,"column":null}},{"start":{"line":122,"column":10},"end":{"line":124,"column":null}}],"line":121},"16":{"loc":{"start":{"line":122,"column":50},"end":{"line":122,"column":92}},"type":"cond-expr","locations":[{"start":{"line":122,"column":59},"end":{"line":122,"column":77}},{"start":{"line":122,"column":77},"end":{"line":122,"column":92}}],"line":122},"17":{"loc":{"start":{"line":133,"column":12},"end":{"line":133,"column":50}},"type":"cond-expr","locations":[{"start":{"line":133,"column":21},"end":{"line":133,"column":37}},{"start":{"line":133,"column":37},"end":{"line":133,"column":50}}],"line":133},"18":{"loc":{"start":{"line":141,"column":14},"end":{"line":141,"column":60}},"type":"cond-expr","locations":[{"start":{"line":141,"column":40},"end":{"line":141,"column":58}},{"start":{"line":141,"column":58},"end":{"line":141,"column":60}}],"line":141},"19":{"loc":{"start":{"line":152,"column":7},"end":{"line":158,"column":null}},"type":"binary-expr","locations":[{"start":{"line":152,"column":7},"end":{"line":152,"column":null}},{"start":{"line":153,"column":8},"end":{"line":158,"column":null}}],"line":152},"20":{"loc":{"start":{"line":154,"column":59},"end":{"line":154,"column":101}},"type":"cond-expr","locations":[{"start":{"line":154,"column":68},"end":{"line":154,"column":86}},{"start":{"line":154,"column":86},"end":{"line":154,"column":101}}],"line":154},"21":{"loc":{"start":{"line":155,"column":38},"end":{"line":155,"column":80}},"type":"cond-expr","locations":[{"start":{"line":155,"column":47},"end":{"line":155,"column":65}},{"start":{"line":155,"column":65},"end":{"line":155,"column":80}}],"line":155},"22":{"loc":{"start":{"line":171,"column":26},"end":{"line":171,"column":38}},"type":"default-arg","locations":[{"start":{"line":171,"column":33},"end":{"line":171,"column":38}}],"line":171},"23":{"loc":{"start":{"line":175,"column":2},"end":{"line":175,"column":null}},"type":"if","locations":[{"start":{"line":175,"column":2},"end":{"line":175,"column":null}},{"start":{},"end":{}}],"line":175},"24":{"loc":{"start":{"line":178,"column":4},"end":{"line":182,"column":null}},"type":"switch","locations":[{"start":{"line":179,"column":6},"end":{"line":179,"column":null}},{"start":{"line":180,"column":6},"end":{"line":180,"column":null}},{"start":{"line":181,"column":6},"end":{"line":181,"column":null}}],"line":178},"25":{"loc":{"start":{"line":181,"column":22},"end":{"line":181,"column":null}},"type":"cond-expr","locations":[{"start":{"line":181,"column":31},"end":{"line":181,"column":49}},{"start":{"line":181,"column":49},"end":{"line":181,"column":null}}],"line":181},"26":{"loc":{"start":{"line":185,"column":20},"end":{"line":185,"column":null}},"type":"cond-expr","locations":[{"start":{"line":185,"column":36},"end":{"line":185,"column":48}},{"start":{"line":185,"column":48},"end":{"line":185,"column":null}}],"line":185},"27":{"loc":{"start":{"line":190,"column":7},"end":{"line":191,"column":null}},"type":"binary-expr","locations":[{"start":{"line":190,"column":7},"end":{"line":190,"column":33}},{"start":{"line":190,"column":33},"end":{"line":190,"column":null}},{"start":{"line":191,"column":8},"end":{"line":191,"column":null}}],"line":190}},"s":{"0":5,"1":5,"2":25,"3":3,"4":15,"5":3,"6":4,"7":0,"8":5,"9":22,"10":22,"11":22,"12":22,"13":1,"14":21,"15":21,"16":3,"17":1,"18":1,"19":1,"20":18,"21":2,"22":11,"23":2,"24":3,"25":0,"26":21,"27":20,"28":2,"29":13,"30":2,"31":3,"32":0,"33":21,"34":22,"35":22,"36":5,"37":5,"38":5,"39":5,"40":1,"41":4,"42":4,"43":1,"44":1,"45":2,"46":4,"47":5},"f":{"0":25,"1":22,"2":21,"3":20,"4":5,"5":4},"b":{"0":[25],"1":[3,15,3,4,0],"2":[22],"3":[22],"4":[22],"5":[22],"6":[22],"7":[1,21],"8":[3,18],"9":[1,1,1],"10":[18,11,2,3,0],"11":[2,13,2,3,0],"12":[21,20],"13":[22,21],"14":[0,21],"15":[22,20,17],"16":[0,17],"17":[0,21],"18":[14,7],"19":[22,14],"20":[0,14],"21":[0,14],"22":[5],"23":[1,4],"24":[1,1,2],"25":[0,2],"26":[4,0],"27":[5,3,2]},"meta":{"lastBranch":28,"lastFunction":6,"lastStatement":48,"seen":{"s:30:20:34:Infinity":0,"s:36:73:52:Infinity":1,"f:36:73:36:74":0,"b:38:14:38:Infinity":0,"b:41:4:42:Infinity:43:4:44:Infinity:45:4:46:Infinity:47:4:48:Infinity:49:4:50:Infinity":1,"s:40:2:51:Infinity":2,"s:42:6:42:Infinity":3,"s:44:6:44:Infinity":4,"s:46:6:46:Infinity":5,"s:48:6:48:Infinity":6,"s:50:6:50:Infinity":7,"s:54:55:162:Infinity":8,"f:54:55:54:56":1,"b:58:19:58:Infinity":2,"b:59:13:59:Infinity":3,"b:60:14:60:Infinity":4,"b:61:9:61:Infinity":5,"b:62:12:62:Infinity":6,"s:64:12:64:Infinity":9,"s:65:24:65:Infinity":10,"s:66:17:66:Infinity":11,"b:68:2:68:Infinity:undefined:undefined:undefined:undefined":7,"s:68:2:68:Infinity":12,"s:68:25:68:Infinity":13,"s:70:27:91:Infinity":14,"f:70:27:70:33":2,"b:71:4:77:Infinity:undefined:undefined:undefined:undefined":8,"s:71:4:77:Infinity":15,"b:73:8:73:Infinity:74:8:74:Infinity:75:8:75:Infinity":9,"s:72:6:76:Infinity":16,"s:73:24:73:Infinity":17,"s:74:22:74:Infinity":18,"s:75:21:75:Infinity":19,"b:80:6:81:Infinity:82:6:83:Infinity:84:6:85:Infinity:86:6:87:Infinity:88:6:89:Infinity":10,"s:79:4:90:Infinity":20,"s:81:8:81:Infinity":21,"s:83:8:83:Infinity":22,"s:85:8:85:Infinity":23,"s:87:8:87:Infinity":24,"s:89:8:89:Infinity":25,"s:93:28:106:Infinity":26,"f:93:28:93:34":3,"b:95:6:96:Infinity:97:6:98:Infinity:99:6:100:Infinity:101:6:102:Infinity:103:6:104:Infinity":11,"s:94:4:105:Infinity":27,"s:96:8:96:Infinity":28,"s:98:8:98:Infinity":29,"s:100:8:100:Infinity":30,"s:102:8:102:Infinity":31,"s:104:8:104:Infinity":32,"s:108:25:108:Infinity":33,"b:108:25:108:36:108:36:108:Infinity":12,"s:109:26:109:Infinity":34,"s:111:2:160:Infinity":35,"b:116:11:116:23:116:23:116:Infinity":13,"b:117:59:117:77:117:77:117:92":14,"b:121:9:121:27:121:27:121:Infinity:122:10:124:Infinity":15,"b:122:59:122:77:122:77:122:92":16,"b:133:21:133:37:133:37:133:50":17,"b:141:40:141:58:141:58:141:60":18,"b:152:7:152:Infinity:153:8:158:Infinity":19,"b:154:68:154:86:154:86:154:101":20,"b:155:47:155:65:155:65:155:80":21,"s:171:5:195:Infinity":36,"f:171:5:171:6":4,"b:171:33:171:38":22,"s:172:24:172:Infinity":37,"s:173:17:173:Infinity":38,"b:175:2:175:Infinity:undefined:undefined:undefined:undefined":23,"s:175:2:175:Infinity":39,"s:175:25:175:Infinity":40,"s:177:19:183:Infinity":41,"f:177:19:177:25":5,"b:179:6:179:Infinity:180:6:180:Infinity:181:6:181:Infinity":24,"s:178:4:182:Infinity":42,"s:179:24:179:Infinity":43,"s:180:20:180:Infinity":44,"s:181:15:181:Infinity":45,"b:181:31:181:49:181:49:181:Infinity":25,"s:185:20:185:Infinity":46,"b:185:36:185:48:185:48:185:Infinity":26,"s:187:2:193:Infinity":47,"b:190:7:190:33:190:33:190:Infinity:191:8:191:Infinity":27}}}
,"/home/slyfird/Documents/Projets/TaskPlex/frontend/src/components/ui/QualitySelector.tsx": {"path":"/home/slyfird/Documents/Projets/TaskPlex/frontend/src/components/ui/QualitySelector.tsx","statementMap":{"0":{"start":{"line":15,"column":21},"end":{"line":32,"column":null}},"1":{"start":{"line":34,"column":34},"end":{"line":34,"column":null}},"2":{"start":{"line":36,"column":63},"end":{"line":71,"column":null}},"3":{"start":{"line":44,"column":12},"end":{"line":44,"column":null}},"4":{"start":{"line":45,"column":17},"end":{"line":45,"column":null}},"5":{"start":{"line":47,"column":2},"end":{"line":69,"column":null}},"6":{"start":{"line":56,"column":10},"end":{"line":66,"column":null}},"7":{"start":{"line":59,"column":27},"end":{"line":59,"column":null}}},"fnMap":{"0":{"name":"(anonymous_0)","decl":{"start":{"line":36,"column":63},"end":{"line":36,"column":64}},"loc":{"start":{"line":43,"column":6},"end":{"line":71,"column":null}},"line":43},"1":{"name":"(anonymous_1)","decl":{"start":{"line":55,"column":23},"end":{"line":55,"column":24}},"loc":{"start":{"line":56,"column":10},"end":{"line":66,"column":null}},"line":56},"2":{"name":"(anonymous_2)","decl":{"start":{"line":59,"column":21},"end":{"line":59,"column":27}},"loc":{"start":{"line":59,"column":27},"end":{"line":59,"column":null}},"line":59}},"branchMap":{"0":{"loc":{"start":{"line":40,"column":2},"end":{"line":40,"column":null}},"type":"default-arg","locations":[{"start":{"line":40,"column":10},"end":{"line":40,"column":null}}],"line":40},"1":{"loc":{"start":{"line":41,"column":2},"end":{"line":41,"column":null}},"type":"default-arg","locations":[{"start":{"line":41,"column":14},"end":{"line":41,"column":null}}],"line":41},"2":{"loc":{"start":{"line":42,"column":2},"end":{"line":42,"column":null}},"type":"default-arg","locations":[{"start":{"line":42,"column":13},"end":{"line":42,"column":null}}],"line":42},"3":{"loc":{"start":{"line":49,"column":7},"end":{"line":52,"column":null}},"type":"binary-expr","locations":[{"start":{"line":49,"column":7},"end":{"line":49,"column":null}},{"start":{"line":50,"column":8},"end":{"line":52,"column":null}}],"line":49},"4":{"loc":{"start":{"line":62,"column":14},"end":{"line":62,"column":null}},"type":"cond-expr","locations":[{"start":{"line":62,"column":28},"end":{"line":62,"column":44}},{"start":{"line":62,"column":44},"end":{"line":62,"column":null}}],"line":62},"5":{"loc":{"start":{"line":63,"column":16},"end":{"line":63,"column":77}},"type":"cond-expr","locations":[{"start":{"line":63,"column":27},"end":{"line":63,"column":61}},{"start":{"line":63,"column":61},"end":{"line":63,"column":77}}],"line":63}},"s":{"0":4,"1":4,"2":4,"3":27,"4":27,"5":27,"6":81,"7":0},"f":{"0":27,"1":81,"2":0},"b":{"0":[27],"1":[27],"2":[27],"3":[27,27],"4":[27,54],"5":[0,81]},"meta":{"lastBranch":6,"lastFunction":3,"lastStatement":8,"seen":{"s:15:21:32:Infinity":0,"s:34:34:34:Infinity":1,"s:36:63:71:Infinity":2,"f:36:63:36:64":0,"b:40:10:40:Infinity":0,"b:41:14:41:Infinity":1,"b:42:13:42:Infinity":2,"s:44:12:44:Infinity":3,"s:45:17:45:Infinity":4,"s:47:2:69:Infinity":5,"b:49:7:49:Infinity:50:8:52:Infinity":3,"f:55:23:55:24":1,"s:56:10:66:Infinity":6,"f:59:21:59:27":2,"s:59:27:59:Infinity":7,"b:62:28:62:44:62:44:62:Infinity":4,"b:63:27:63:61:63:61:63:77":5}}}
,"/home/slyfird/Documents/Projets/TaskPlex/frontend/src/components/ui/ResultCard.tsx": {"path":"/home/slyfird/Documents/Projets/TaskPlex/frontend/src/components/ui/ResultCard.tsx","statementMap":{"0":{"start":{"line":21,"column":21},"end":{"line":46,"column":null}},"1":{"start":{"line":48,"column":53},"end":{"line":121,"column":null}},"2":{"start":{"line":61,"column":12},"end":{"line":61,"column":null}},"3":{"start":{"line":62,"column":25},"end":{"line":62,"column":null}},"4":{"start":{"line":63,"column":17},"end":{"line":63,"column":null}},"5":{"start":{"line":65,"column":8},"end":{"line":72,"column":null}},"6":{"start":{"line":66,"column":4},"end":{"line":66,"column":null}},"7":{"start":{"line":67,"column":4},"end":{"line":71,"column":null}},"8":{"start":{"line":68,"column":18},"end":{"line":68,"column":null}},"9":{"start":{"line":69,"column":32},"end":{"line":69,"column":null}},"10":{"start":{"line":70,"column":6},"end":{"line":70,"column":null}},"11":{"start":{"line":74,"column":2},"end":{"line":74,"column":null}},"12":{"start":{"line":74,"column":16},"end":{"line":74,"column":null}},"13":{"start":{"line":76,"column":23},"end":{"line":76,"column":null}},"14":{"start":{"line":77,"column":20},"end":{"line":81,"column":null}},"15":{"start":{"line":83,"column":2},"end":{"line":119,"column":null}}},"fnMap":{"0":{"name":"(anonymous_0)","decl":{"start":{"line":48,"column":53},"end":{"line":48,"column":54}},"loc":{"start":{"line":60,"column":6},"end":{"line":121,"column":null}},"line":60},"1":{"name":"(anonymous_1)","decl":{"start":{"line":65,"column":37},"end":{"line":65,"column":38}},"loc":{"start":{"line":65,"column":81},"end":{"line":72,"column":5}},"line":65}},"branchMap":{"0":{"loc":{"start":{"line":56,"column":2},"end":{"line":56,"column":null}},"type":"default-arg","locations":[{"start":{"line":56,"column":21},"end":{"line":56,"column":null}}],"line":56},"1":{"loc":{"start":{"line":57,"column":2},"end":{"line":57,"column":null}},"type":"default-arg","locations":[{"start":{"line":57,"column":10},"end":{"line":57,"column":null}}],"line":57},"2":{"loc":{"start":{"line":58,"column":2},"end":{"line":58,"column":null}},"type":"default-arg","locations":[{"start":{"line":58,"column":14},"end":{"line":58,"column":null}}],"line":58},"3":{"loc":{"start":{"line":67,"column":4},"end":{"line":71,"column":null}},"type":"if","locations":[{"start":{"line":67,"column":4},"end":{"line":71,"column":null}},{"start":{},"end":{}}],"line":67},"4":{"loc":{"start":{"line":69,"column":32},"end":{"line":69,"column":null}},"type":"binary-expr","locations":[{"start":{"line":69,"column":32},"end":{"line":69,"column":44}},{"start":{"line":69,"column":44},"end":{"line":69,"column":76}},{"start":{"line":69,"column":76},"end":{"line":69,"column":null}}],"line":69},"5":{"loc":{"start":{"line":74,"column":2},"end":{"line":74,"column":null}},"type":"if","locations":[{"start":{"line":74,"column":2},"end":{"line":74,"column":null}},{"start":{},"end":{}}],"line":74},"6":{"loc":{"start":{"line":76,"column":23},"end":{"line":76,"column":null}},"type":"binary-expr","locations":[{"start":{"line":76,"column":23},"end":{"line":76,"column":39}},{"start":{"line":76,"column":39},"end":{"line":76,"column":null}}],"line":76},"7":{"loc":{"start":{"line":77,"column":20},"end":{"line":81,"column":null}},"type":"cond-expr","locations":[{"start":{"line":78,"column":6},"end":{"line":78,"column":null}},{"start":{"line":79,"column":6},"end":{"line":81,"column":null}}],"line":77},"8":{"loc":{"start":{"line":79,"column":6},"end":{"line":81,"column":null}},"type":"cond-expr","locations":[{"start":{"line":80,"column":6},"end":{"line":80,"column":null}},{"start":{"line":81,"column":6},"end":{"line":81,"column":null}}],"line":79},"9":{"loc":{"start":{"line":92,"column":15},"end":{"line":92,"column":null}},"type":"binary-expr","locations":[{"start":{"line":92,"column":15},"end":{"line":92,"column":26}},{"start":{"line":92,"column":26},"end":{"line":92,"column":null}}],"line":92},"10":{"loc":{"start":{"line":94,"column":13},"end":{"line":102,"column":null}},"type":"binary-expr","locations":[{"start":{"line":94,"column":13},"end":{"line":94,"column":null}},{"start":{"line":95,"column":14},"end":{"line":102,"column":null}}],"line":94},"11":{"loc":{"start":{"line":97,"column":17},"end":{"line":100,"column":null}},"type":"binary-expr","locations":[{"start":{"line":97,"column":17},"end":{"line":97,"column":null}},{"start":{"line":98,"column":18},"end":{"line":100,"column":null}}],"line":97},"12":{"loc":{"start":{"line":107,"column":9},"end":{"line":114,"column":null}},"type":"binary-expr","locations":[{"start":{"line":107,"column":9},"end":{"line":107,"column":null}},{"start":{"line":108,"column":10},"end":{"line":114,"column":null}}],"line":107}},"s":{"0":5,"1":5,"2":17,"3":17,"4":17,"5":17,"6":2,"7":2,"8":2,"9":2,"10":2,"11":17,"12":1,"13":16,"14":17,"15":17},"f":{"0":17,"1":2},"b":{"0":[17],"1":[17],"2":[17],"3":[2,0],"4":[2,1,0],"5":[1,16],"6":[16,2],"7":[2,14],"8":[1,13],"9":[17,15],"10":[17,3],"11":[3,2],"12":[17,3]},"meta":{"lastBranch":13,"lastFunction":2,"lastStatement":16,"seen":{"s:21:21:46:Infinity":0,"s:48:53:121:Infinity":1,"f:48:53:48:54":0,"b:56:21:56:Infinity":0,"b:57:10:57:Infinity":1,"b:58:14:58:Infinity":2,"s:61:12:61:Infinity":2,"s:62:25:62:Infinity":3,"s:63:17:63:Infinity":4,"s:65:8:72:Infinity":5,"f:65:37:65:38":1,"s:66:4:66:Infinity":6,"b:67:4:71:Infinity:undefined:undefined:undefined:undefined":3,"s:67:4:71:Infinity":7,"s:68:18:68:Infinity":8,"s:69:32:69:Infinity":9,"b:69:32:69:44:69:44:69:76:69:76:69:Infinity":4,"s:70:6:70:Infinity":10,"b:74:2:74:Infinity:undefined:undefined:undefined:undefined":5,"s:74:2:74:Infinity":11,"s:74:16:74:Infinity":12,"s:76:23:76:Infinity":13,"b:76:23:76:39:76:39:76:Infinity":6,"s:77:20:81:Infinity":14,"b:78:6:78:Infinity:79:6:81:Infinity":7,"b:80:6:80:Infinity:81:6:81:Infinity":8,"s:83:2:119:Infinity":15,"b:92:15:92:26:92:26:92:Infinity":9,"b:94:13:94:Infinity:95:14:102:Infinity":10,"b:97:17:97:Infinity:98:18:100:Infinity":11,"b:107:9:107:Infinity:108:10:114:Infinity":12}}}
,"/home/slyfird/Documents/Projets/TaskPlex/frontend/src/components/ui/index.ts": {"path":"/home/slyfird/Documents/Projets/TaskPlex/frontend/src/components/ui/index.ts","statementMap":{},"fnMap":{},"branchMap":{},"s":{},"f":{},"b":{},"meta":{"lastBranch":0,"lastFunction":0,"lastStatement":0,"seen":{}}}
,"/home/slyfird/Documents/Projets/TaskPlex/frontend/src/config/icons.ts": {"path":"/home/slyfird/Documents/Projets/TaskPlex/frontend/src/config/icons.ts","statementMap":{"0":{"start":{"line":32,"column":23},"end":{"line":196,"column":null}},"1":{"start":{"line":201,"column":2},"end":{"line":201,"column":null}}},"fnMap":{"0":{"name":"getIcon","decl":{"start":{"line":200,"column":16},"end":{"line":200,"column":24}},"loc":{"start":{"line":200,"column":44},"end":{"line":202,"column":null}},"line":200}},"branchMap":{"0":{"loc":{"start":{"line":201,"column":9},"end":{"line":201,"column":null}},"type":"binary-expr","locations":[{"start":{"line":201,"column":9},"end":{"line":201,"column":30}},{"start":{"line":201,"column":30},"end":{"line":201,"column":null}}],"line":201}},"s":{"0":1,"1":303},"f":{"0":303},"b":{"0":[303,0]},"meta":{"lastBranch":1,"lastFunction":1,"lastStatement":2,"seen":{"s:32:23:196:Infinity":0,"f:200:16:200:24":0,"s:201:2:201:Infinity":1,"b:201:9:201:30:201:30:201:Infinity":0}}}
,"/home/slyfird/Documents/Projets/TaskPlex/frontend/src/config/modules.ts": {"path":"/home/slyfird/Documents/Projets/TaskPlex/frontend/src/config/modules.ts","statementMap":{"0":{"start":{"line":32,"column":43},"end":{"line":1082,"column":null}},"1":{"start":{"line":1087,"column":26},"end":{"line":1098,"column":null}},"2":{"start":{"line":1104,"column":2},"end":{"line":1104,"column":null}},"3":{"start":{"line":1104,"column":32},"end":{"line":1104,"column":48}},"4":{"start":{"line":1111,"column":2},"end":{"line":1111,"column":null}},"5":{"start":{"line":1111,"column":34},"end":{"line":1111,"column":62}},"6":{"start":{"line":1118,"column":2},"end":{"line":1118,"column":null}},"7":{"start":{"line":1118,"column":34},"end":{"line":1118,"column":65}},"8":{"start":{"line":1125,"column":2},"end":{"line":1125,"column":null}},"9":{"start":{"line":1125,"column":34},"end":{"line":1125,"column":65}},"10":{"start":{"line":1132,"column":2},"end":{"line":1132,"column":null}}},"fnMap":{"0":{"name":"getModuleById","decl":{"start":{"line":1103,"column":16},"end":{"line":1103,"column":30}},"loc":{"start":{"line":1103,"column":72},"end":{"line":1105,"column":null}},"line":1103},"1":{"name":"(anonymous_1)","decl":{"start":{"line":1104,"column":22},"end":{"line":1104,"column":32}},"loc":{"start":{"line":1104,"column":32},"end":{"line":1104,"column":48}},"line":1104},"2":{"name":"getModulesByCategory","decl":{"start":{"line":1110,"column":16},"end":{"line":1110,"column":37}},"loc":{"start":{"line":1110,"column":83},"end":{"line":1112,"column":null}},"line":1110},"3":{"name":"(anonymous_3)","decl":{"start":{"line":1111,"column":24},"end":{"line":1111,"column":34}},"loc":{"start":{"line":1111,"column":34},"end":{"line":1111,"column":62}},"line":1111},"4":{"name":"getImplementedModules","decl":{"start":{"line":1117,"column":16},"end":{"line":1117,"column":60}},"loc":{"start":{"line":1117,"column":60},"end":{"line":1119,"column":null}},"line":1117},"5":{"name":"(anonymous_5)","decl":{"start":{"line":1118,"column":24},"end":{"line":1118,"column":34}},"loc":{"start":{"line":1118,"column":34},"end":{"line":1118,"column":65}},"line":1118},"6":{"name":"getPlaceholderModules","decl":{"start":{"line":1124,"column":16},"end":{"line":1124,"column":60}},"loc":{"start":{"line":1124,"column":60},"end":{"line":1126,"column":null}},"line":1124},"7":{"name":"(anonymous_7)","decl":{"start":{"line":1125,"column":24},"end":{"line":1125,"column":34}},"loc":{"start":{"line":1125,"column":34},"end":{"line":1125,"column":65}},"line":1125},"8":{"name":"getAllModules","decl":{"start":{"line":1131,"column":16},"end":{"line":1131,"column":52}},"loc":{"start":{"line":1131,"column":52},"end":{"line":1133,"column":null}},"line":1131}},"branchMap":{},"s":{"0":1,"1":1,"2":0,"3":0,"4":0,"5":0,"6":0,"7":0,"8":0,"9":0,"10":4},"f":{"0":0,"1":0,"2":0,"3":0,"4":0,"5":0,"6":0,"7":0,"8":4},"b":{},"meta":{"lastBranch":0,"lastFunction":9,"lastStatement":11,"seen":{"s:32:43:1082:Infinity":0,"s:1087:26:1098:Infinity":1,"f:1103:16:1103:30":0,"s:1104:2:1104:Infinity":2,"f:1104:22:1104:32":1,"s:1104:32:1104:48":3,"f:1110:16:1110:37":2,"s:1111:2:1111:Infinity":4,"f:1111:24:1111:34":3,"s:1111:34:1111:62":5,"f:1117:16:1117:60":4,"s:1118:2:1118:Infinity":6,"f:1118:24:1118:34":5,"s:1118:34:1118:65":7,"f:1124:16:1124:60":6,"s:1125:2:1125:Infinity":8,"f:1125:24:1125:34":7,"s:1125:34:1125:65":9,"f:1131:16:1131:52":8,"s:1132:2:1132:Infinity":10}}}
,"/home/slyfird/Documents/Projets/TaskPlex/frontend/src/contexts/DownloadNotificationContext.tsx": {"path":"/home/slyfird/Documents/Projets/TaskPlex/frontend/src/contexts/DownloadNotificationContext.tsx","statementMap":{"0":{"start":{"line":21,"column":6},"end":{"line":21,"column":null}},"1":{"start":{"line":23,"column":29},"end":{"line":23,"column":null}},"2":{"start":{"line":25,"column":79},"end":{"line":82,"column":null}},"3":{"start":{"line":26,"column":40},"end":{"line":26,"column":null}},"4":{"start":{"line":28,"column":8},"end":{"line":46,"column":null}},"5":{"start":{"line":29,"column":15},"end":{"line":29,"column":null}},"6":{"start":{"line":30,"column":50},"end":{"line":34,"column":null}},"7":{"start":{"line":36,"column":4},"end":{"line":36,"column":null}},"8":{"start":{"line":36,"column":31},"end":{"line":36,"column":69}},"9":{"start":{"line":39,"column":4},"end":{"line":43,"column":null}},"10":{"start":{"line":40,"column":6},"end":{"line":42,"column":null}},"11":{"start":{"line":41,"column":8},"end":{"line":41,"column":null}},"12":{"start":{"line":41,"column":35},"end":{"line":41,"column":66}},"13":{"start":{"line":41,"column":54},"end":{"line":41,"column":65}},"14":{"start":{"line":45,"column":4},"end":{"line":45,"column":null}},"15":{"start":{"line":48,"column":8},"end":{"line":50,"column":null}},"16":{"start":{"line":49,"column":4},"end":{"line":49,"column":null}},"17":{"start":{"line":49,"column":31},"end":{"line":49,"column":62}},"18":{"start":{"line":49,"column":50},"end":{"line":49,"column":61}},"19":{"start":{"line":52,"column":8},"end":{"line":63,"column":null}},"20":{"start":{"line":53,"column":4},"end":{"line":55,"column":null}},"21":{"start":{"line":54,"column":6},"end":{"line":54,"column":null}},"22":{"start":{"line":54,"column":23},"end":{"line":54,"column":62}},"23":{"start":{"line":58,"column":4},"end":{"line":62,"column":null}},"24":{"start":{"line":59,"column":6},"end":{"line":61,"column":null}},"25":{"start":{"line":60,"column":8},"end":{"line":60,"column":null}},"26":{"start":{"line":60,"column":35},"end":{"line":60,"column":66}},"27":{"start":{"line":60,"column":54},"end":{"line":60,"column":65}},"28":{"start":{"line":65,"column":8},"end":{"line":67,"column":null}},"29":{"start":{"line":66,"column":4},"end":{"line":66,"column":null}},"30":{"start":{"line":69,"column":8},"end":{"line":75,"column":null}},"31":{"start":{"line":69,"column":31},"end":{"line":75,"column":6}},"32":{"start":{"line":77,"column":2},"end":{"line":80,"column":null}},"33":{"start":{"line":84,"column":40},"end":{"line":90,"column":null}},"34":{"start":{"line":85,"column":8},"end":{"line":85,"column":null}},"35":{"start":{"line":86,"column":2},"end":{"line":88,"column":null}},"36":{"start":{"line":87,"column":4},"end":{"line":87,"column":null}},"37":{"start":{"line":89,"column":2},"end":{"line":89,"column":null}}},"fnMap":{"0":{"name":"(anonymous_0)","decl":{"start":{"line":25,"column":79},"end":{"line":25,"column":80}},"loc":{"start":{"line":25,"column":97},"end":{"line":82,"column":null}},"line":25},"1":{"name":"(anonymous_1)","decl":{"start":{"line":28,"column":38},"end":{"line":28,"column":39}},"loc":{"start":{"line":28,"column":104},"end":{"line":46,"column":5}},"line":28},"2":{"name":"(anonymous_2)","decl":{"start":{"line":36,"column":21},"end":{"line":36,"column":22}},"loc":{"start":{"line":36,"column":31},"end":{"line":36,"column":69}},"line":36},"3":{"name":"(anonymous_3)","decl":{"start":{"line":40,"column":17},"end":{"line":40,"column":23}},"loc":{"start":{"line":40,"column":23},"end":{"line":42,"column":9}},"line":40},"4":{"name":"(anonymous_4)","decl":{"start":{"line":41,"column":25},"end":{"line":41,"column":26}},"loc":{"start":{"line":41,"column":35},"end":{"line":41,"column":66}},"line":41},"5":{"name":"(anonymous_5)","decl":{"start":{"line":41,"column":47},"end":{"line":41,"column":48}},"loc":{"start":{"line":41,"column":54},"end":{"line":41,"column":65}},"line":41},"6":{"name":"(anonymous_6)","decl":{"start":{"line":48,"column":41},"end":{"line":48,"column":42}},"loc":{"start":{"line":48,"column":57},"end":{"line":50,"column":5}},"line":48},"7":{"name":"(anonymous_7)","decl":{"start":{"line":49,"column":21},"end":{"line":49,"column":22}},"loc":{"start":{"line":49,"column":31},"end":{"line":49,"column":62}},"line":49},"8":{"name":"(anonymous_8)","decl":{"start":{"line":49,"column":43},"end":{"line":49,"column":44}},"loc":{"start":{"line":49,"column":50},"end":{"line":49,"column":61}},"line":49},"9":{"name":"(anonymous_9)","decl":{"start":{"line":52,"column":41},"end":{"line":52,"column":42}},"loc":{"start":{"line":52,"column":97},"end":{"line":63,"column":5}},"line":52},"10":{"name":"(anonymous_10)","decl":{"start":{"line":53,"column":21},"end":{"line":53,"column":22}},"loc":{"start":{"line":54,"column":6},"end":{"line":54,"column":null}},"line":54},"11":{"name":"(anonymous_11)","decl":{"start":{"line":54,"column":15},"end":{"line":54,"column":16}},"loc":{"start":{"line":54,"column":23},"end":{"line":54,"column":62}},"line":54},"12":{"name":"(anonymous_12)","decl":{"start":{"line":59,"column":17},"end":{"line":59,"column":23}},"loc":{"start":{"line":59,"column":23},"end":{"line":61,"column":9}},"line":59},"13":{"name":"(anonymous_13)","decl":{"start":{"line":60,"column":25},"end":{"line":60,"column":26}},"loc":{"start":{"line":60,"column":35},"end":{"line":60,"column":66}},"line":60},"14":{"name":"(anonymous_14)","decl":{"start":{"line":60,"column":47},"end":{"line":60,"column":48}},"loc":{"start":{"line":60,"column":54},"end":{"line":60,"column":65}},"line":60},"15":{"name":"(anonymous_15)","decl":{"start":{"line":65,"column":31},"end":{"line":65,"column":37}},"loc":{"start":{"line":65,"column":37},"end":{"line":67,"column":5}},"line":65},"16":{"name":"(anonymous_16)","decl":{"start":{"line":69,"column":24},"end":{"line":69,"column":31}},"loc":{"start":{"line":69,"column":31},"end":{"line":75,"column":6}},"line":69},"17":{"name":"(anonymous_17)","decl":{"start":{"line":84,"column":40},"end":{"line":84,"column":79}},"loc":{"start":{"line":84,"column":79},"end":{"line":90,"column":null}},"line":84}},"branchMap":{"0":{"loc":{"start":{"line":39,"column":4},"end":{"line":43,"column":null}},"type":"if","locations":[{"start":{"line":39,"column":4},"end":{"line":43,"column":null}},{"start":{},"end":{}}],"line":39},"1":{"loc":{"start":{"line":54,"column":23},"end":{"line":54,"column":62}},"type":"cond-expr","locations":[{"start":{"line":54,"column":37},"end":{"line":54,"column":60}},{"start":{"line":54,"column":60},"end":{"line":54,"column":62}}],"line":54},"2":{"loc":{"start":{"line":58,"column":4},"end":{"line":62,"column":null}},"type":"if","locations":[{"start":{"line":58,"column":4},"end":{"line":62,"column":null}},{"start":{},"end":{}}],"line":58},"3":{"loc":{"start":{"line":86,"column":2},"end":{"line":88,"column":null}},"type":"if","locations":[{"start":{"line":86,"column":2},"end":{"line":88,"column":null}},{"start":{},"end":{}}],"line":86}},"s":{"0":15,"1":15,"2":15,"3":72,"4":72,"5":8,"6":8,"7":8,"8":8,"9":8,"10":5,"11":0,"12":0,"13":0,"14":8,"15":72,"16":0,"17":0,"18":0,"19":72,"20":3,"21":3,"22":3,"23":3,"24":0,"25":0,"26":0,"27":0,"28":72,"29":0,"30":72,"31":72,"32":72,"33":15,"34":45,"35":45,"36":0,"37":45},"f":{"0":72,"1":8,"2":8,"3":0,"4":0,"5":0,"6":0,"7":0,"8":0,"9":3,"10":3,"11":3,"12":0,"13":0,"14":0,"15":0,"16":72,"17":45},"b":{"0":[5,3],"1":[3,0],"2":[0,3],"3":[0,45]},"meta":{"lastBranch":4,"lastFunction":18,"lastStatement":38,"seen":{"s:21:6:21:Infinity":0,"s:23:29:23:Infinity":1,"s:25:79:82:Infinity":2,"f:25:79:25:80":0,"s:26:40:26:Infinity":3,"s:28:8:46:Infinity":4,"f:28:38:28:39":1,"s:29:15:29:Infinity":5,"s:30:50:34:Infinity":6,"s:36:4:36:Infinity":7,"f:36:21:36:22":2,"s:36:31:36:69":8,"b:39:4:43:Infinity:undefined:undefined:undefined:undefined":0,"s:39:4:43:Infinity":9,"s:40:6:42:Infinity":10,"f:40:17:40:23":3,"s:41:8:41:Infinity":11,"f:41:25:41:26":4,"s:41:35:41:66":12,"f:41:47:41:48":5,"s:41:54:41:65":13,"s:45:4:45:Infinity":14,"s:48:8:50:Infinity":15,"f:48:41:48:42":6,"s:49:4:49:Infinity":16,"f:49:21:49:22":7,"s:49:31:49:62":17,"f:49:43:49:44":8,"s:49:50:49:61":18,"s:52:8:63:Infinity":19,"f:52:41:52:42":9,"s:53:4:55:Infinity":20,"f:53:21:53:22":10,"s:54:6:54:Infinity":21,"f:54:15:54:16":11,"s:54:23:54:62":22,"b:54:37:54:60:54:60:54:62":1,"b:58:4:62:Infinity:undefined:undefined:undefined:undefined":2,"s:58:4:62:Infinity":23,"s:59:6:61:Infinity":24,"f:59:17:59:23":12,"s:60:8:60:Infinity":25,"f:60:25:60:26":13,"s:60:35:60:66":26,"f:60:47:60:48":14,"s:60:54:60:65":27,"s:65:8:67:Infinity":28,"f:65:31:65:37":15,"s:66:4:66:Infinity":29,"s:69:8:75:Infinity":30,"f:69:24:69:31":16,"s:69:31:75:6":31,"s:77:2:80:Infinity":32,"s:84:40:90:Infinity":33,"f:84:40:84:79":17,"s:85:8:85:Infinity":34,"b:86:2:88:Infinity:undefined:undefined:undefined:undefined":3,"s:86:2:88:Infinity":35,"s:87:4:87:Infinity":36,"s:89:2:89:Infinity":37}}}
,"/home/slyfird/Documents/Projets/TaskPlex/frontend/src/contexts/FavoritesContext.tsx": {"path":"/home/slyfird/Documents/Projets/TaskPlex/frontend/src/contexts/FavoritesContext.tsx","statementMap":{"0":{"start":{"line":5,"column":30},"end":{"line":5,"column":null}},"1":{"start":{"line":6,"column":30},"end":{"line":6,"column":null}},"2":{"start":{"line":16,"column":6},"end":{"line":16,"column":null}},"3":{"start":{"line":18,"column":68},"end":{"line":74,"column":null}},"4":{"start":{"line":19,"column":32},"end":{"line":25,"column":null}},"5":{"start":{"line":20,"column":4},"end":{"line":23,"column":null}},"6":{"start":{"line":21,"column":21},"end":{"line":21,"column":null}},"7":{"start":{"line":22,"column":6},"end":{"line":22,"column":null}},"8":{"start":{"line":24,"column":4},"end":{"line":24,"column":null}},"9":{"start":{"line":27,"column":36},"end":{"line":33,"column":null}},"10":{"start":{"line":28,"column":4},"end":{"line":31,"column":null}},"11":{"start":{"line":29,"column":21},"end":{"line":29,"column":null}},"12":{"start":{"line":30,"column":6},"end":{"line":30,"column":null}},"13":{"start":{"line":32,"column":4},"end":{"line":32,"column":null}},"14":{"start":{"line":35,"column":2},"end":{"line":39,"column":null}},"15":{"start":{"line":36,"column":4},"end":{"line":38,"column":null}},"16":{"start":{"line":37,"column":6},"end":{"line":37,"column":null}},"17":{"start":{"line":41,"column":2},"end":{"line":45,"column":null}},"18":{"start":{"line":42,"column":4},"end":{"line":44,"column":null}},"19":{"start":{"line":43,"column":6},"end":{"line":43,"column":null}},"20":{"start":{"line":47,"column":25},"end":{"line":53,"column":null}},"21":{"start":{"line":48,"column":4},"end":{"line":52,"column":null}},"22":{"start":{"line":49,"column":6},"end":{"line":51,"column":null}},"23":{"start":{"line":50,"column":30},"end":{"line":50,"column":45}},"24":{"start":{"line":55,"column":21},"end":{"line":55,"column":null}},"25":{"start":{"line":55,"column":43},"end":{"line":55,"column":null}},"26":{"start":{"line":57,"column":24},"end":{"line":59,"column":null}},"27":{"start":{"line":58,"column":4},"end":{"line":58,"column":null}},"28":{"start":{"line":58,"column":29},"end":{"line":58,"column":34}},"29":{"start":{"line":61,"column":2},"end":{"line":72,"column":null}},"30":{"start":{"line":76,"column":28},"end":{"line":82,"column":null}},"31":{"start":{"line":77,"column":8},"end":{"line":77,"column":null}},"32":{"start":{"line":78,"column":2},"end":{"line":80,"column":null}},"33":{"start":{"line":79,"column":4},"end":{"line":79,"column":null}},"34":{"start":{"line":81,"column":2},"end":{"line":81,"column":null}}},"fnMap":{"0":{"name":"(anonymous_0)","decl":{"start":{"line":18,"column":68},"end":{"line":18,"column":69}},"loc":{"start":{"line":18,"column":86},"end":{"line":74,"column":null}},"line":18},"1":{"name":"(anonymous_1)","decl":{"start":{"line":19,"column":55},"end":{"line":19,"column":61}},"loc":{"start":{"line":19,"column":61},"end":{"line":25,"column":3}},"line":19},"2":{"name":"(anonymous_2)","decl":{"start":{"line":27,"column":58},"end":{"line":27,"column":64}},"loc":{"start":{"line":27,"column":64},"end":{"line":33,"column":3}},"line":27},"3":{"name":"(anonymous_3)","decl":{"start":{"line":35,"column":12},"end":{"line":35,"column":18}},"loc":{"start":{"line":35,"column":18},"end":{"line":39,"column":5}},"line":35},"4":{"name":"(anonymous_4)","decl":{"start":{"line":41,"column":12},"end":{"line":41,"column":18}},"loc":{"start":{"line":41,"column":18},"end":{"line":45,"column":5}},"line":41},"5":{"name":"(anonymous_5)","decl":{"start":{"line":47,"column":25},"end":{"line":47,"column":26}},"loc":{"start":{"line":47,"column":47},"end":{"line":53,"column":null}},"line":47},"6":{"name":"(anonymous_6)","decl":{"start":{"line":48,"column":17},"end":{"line":48,"column":18}},"loc":{"start":{"line":49,"column":6},"end":{"line":51,"column":null}},"line":49},"7":{"name":"(anonymous_7)","decl":{"start":{"line":50,"column":22},"end":{"line":50,"column":23}},"loc":{"start":{"line":50,"column":30},"end":{"line":50,"column":45}},"line":50},"8":{"name":"(anonymous_8)","decl":{"start":{"line":55,"column":21},"end":{"line":55,"column":22}},"loc":{"start":{"line":55,"column":43},"end":{"line":55,"column":null}},"line":55},"9":{"name":"(anonymous_9)","decl":{"start":{"line":57,"column":24},"end":{"line":57,"column":30}},"loc":{"start":{"line":57,"column":30},"end":{"line":59,"column":null}},"line":57},"10":{"name":"(anonymous_10)","decl":{"start":{"line":58,"column":19},"end":{"line":58,"column":20}},"loc":{"start":{"line":58,"column":29},"end":{"line":58,"column":34}},"line":58},"11":{"name":"(anonymous_11)","decl":{"start":{"line":76,"column":28},"end":{"line":76,"column":56}},"loc":{"start":{"line":76,"column":56},"end":{"line":82,"column":null}},"line":76}},"branchMap":{"0":{"loc":{"start":{"line":20,"column":4},"end":{"line":23,"column":null}},"type":"if","locations":[{"start":{"line":20,"column":4},"end":{"line":23,"column":null}},{"start":{},"end":{}}],"line":20},"1":{"loc":{"start":{"line":22,"column":13},"end":{"line":22,"column":null}},"type":"cond-expr","locations":[{"start":{"line":22,"column":22},"end":{"line":22,"column":43}},{"start":{"line":22,"column":43},"end":{"line":22,"column":null}}],"line":22},"2":{"loc":{"start":{"line":28,"column":4},"end":{"line":31,"column":null}},"type":"if","locations":[{"start":{"line":28,"column":4},"end":{"line":31,"column":null}},{"start":{},"end":{}}],"line":28},"3":{"loc":{"start":{"line":30,"column":13},"end":{"line":30,"column":null}},"type":"cond-expr","locations":[{"start":{"line":30,"column":22},"end":{"line":30,"column":43}},{"start":{"line":30,"column":43},"end":{"line":30,"column":null}}],"line":30},"4":{"loc":{"start":{"line":36,"column":4},"end":{"line":38,"column":null}},"type":"if","locations":[{"start":{"line":36,"column":4},"end":{"line":38,"column":null}},{"start":{},"end":{}}],"line":36},"5":{"loc":{"start":{"line":42,"column":4},"end":{"line":44,"column":null}},"type":"if","locations":[{"start":{"line":42,"column":4},"end":{"line":44,"column":null}},{"start":{},"end":{}}],"line":42},"6":{"loc":{"start":{"line":49,"column":6},"end":{"line":51,"column":null}},"type":"cond-expr","locations":[{"start":{"line":50,"column":10},"end":{"line":50,"column":null}},{"start":{"line":51,"column":10},"end":{"line":51,"column":null}}],"line":49},"7":{"loc":{"start":{"line":78,"column":2},"end":{"line":80,"column":null}},"type":"if","locations":[{"start":{"line":78,"column":2},"end":{"line":80,"column":null}},{"start":{},"end":{}}],"line":78}},"s":{"0":15,"1":15,"2":15,"3":15,"4":75,"5":67,"6":67,"7":67,"8":0,"9":75,"10":67,"11":67,"12":67,"13":0,"14":75,"15":72,"16":72,"17":75,"18":70,"19":70,"20":75,"21":7,"22":7,"23":1,"24":75,"25":344,"26":75,"27":3,"28":3,"29":75,"30":15,"31":25,"32":25,"33":2,"34":23},"f":{"0":75,"1":67,"2":67,"3":72,"4":70,"5":7,"6":7,"7":1,"8":344,"9":3,"10":3,"11":25},"b":{"0":[67,0],"1":[43,24],"2":[67,0],"3":[43,24],"4":[72,0],"5":[70,0],"6":[1,6],"7":[2,23]},"meta":{"lastBranch":8,"lastFunction":12,"lastStatement":35,"seen":{"s:5:30:5:Infinity":0,"s:6:30:6:Infinity":1,"s:16:6:16:Infinity":2,"s:18:68:74:Infinity":3,"f:18:68:18:69":0,"s:19:32:25:Infinity":4,"f:19:55:19:61":1,"b:20:4:23:Infinity:undefined:undefined:undefined:undefined":0,"s:20:4:23:Infinity":5,"s:21:21:21:Infinity":6,"s:22:6:22:Infinity":7,"b:22:22:22:43:22:43:22:Infinity":1,"s:24:4:24:Infinity":8,"s:27:36:33:Infinity":9,"f:27:58:27:64":2,"b:28:4:31:Infinity:undefined:undefined:undefined:undefined":2,"s:28:4:31:Infinity":10,"s:29:21:29:Infinity":11,"s:30:6:30:Infinity":12,"b:30:22:30:43:30:43:30:Infinity":3,"s:32:4:32:Infinity":13,"s:35:2:39:Infinity":14,"f:35:12:35:18":3,"b:36:4:38:Infinity:undefined:undefined:undefined:undefined":4,"s:36:4:38:Infinity":15,"s:37:6:37:Infinity":16,"s:41:2:45:Infinity":17,"f:41:12:41:18":4,"b:42:4:44:Infinity:undefined:undefined:undefined:undefined":5,"s:42:4:44:Infinity":18,"s:43:6:43:Infinity":19,"s:47:25:53:Infinity":20,"f:47:25:47:26":5,"s:48:4:52:Infinity":21,"f:48:17:48:18":6,"s:49:6:51:Infinity":22,"b:50:10:50:Infinity:51:10:51:Infinity":6,"f:50:22:50:23":7,"s:50:30:50:45":23,"s:55:21:55:Infinity":24,"f:55:21:55:22":8,"s:55:43:55:Infinity":25,"s:57:24:59:Infinity":26,"f:57:24:57:30":9,"s:58:4:58:Infinity":27,"f:58:19:58:20":10,"s:58:29:58:34":28,"s:61:2:72:Infinity":29,"s:76:28:82:Infinity":30,"f:76:28:76:56":11,"s:77:8:77:Infinity":31,"b:78:2:80:Infinity:undefined:undefined:undefined:undefined":7,"s:78:2:80:Infinity":32,"s:79:4:79:Infinity":33,"s:81:2:81:Infinity":34}}}
,"/home/slyfird/Documents/Projets/TaskPlex/frontend/src/contexts/ThemeContext.tsx": {"path":"/home/slyfird/Documents/Projets/TaskPlex/frontend/src/contexts/ThemeContext.tsx","statementMap":{"0":{"start":{"line":13,"column":26},"end":{"line":13,"column":null}},"1":{"start":{"line":15,"column":6},"end":{"line":15,"column":null}},"2":{"start":{"line":18,"column":2},"end":{"line":20,"column":null}},"3":{"start":{"line":19,"column":4},"end":{"line":19,"column":null}},"4":{"start":{"line":21,"column":2},"end":{"line":21,"column":null}},"5":{"start":{"line":24,"column":64},"end":{"line":95,"column":null}},"6":{"start":{"line":25,"column":29},"end":{"line":31,"column":null}},"7":{"start":{"line":26,"column":4},"end":{"line":29,"column":null}},"8":{"start":{"line":27,"column":21},"end":{"line":27,"column":null}},"9":{"start":{"line":28,"column":6},"end":{"line":28,"column":null}},"10":{"start":{"line":30,"column":4},"end":{"line":30,"column":null}},"11":{"start":{"line":34,"column":36},"end":{"line":34,"column":null}},"12":{"start":{"line":37,"column":8},"end":{"line":42,"column":null}},"13":{"start":{"line":38,"column":4},"end":{"line":40,"column":null}},"14":{"start":{"line":39,"column":6},"end":{"line":39,"column":null}},"15":{"start":{"line":41,"column":4},"end":{"line":41,"column":null}},"16":{"start":{"line":45,"column":2},"end":{"line":54,"column":null}},"17":{"start":{"line":46,"column":23},"end":{"line":46,"column":null}},"18":{"start":{"line":48,"column":25},"end":{"line":50,"column":null}},"19":{"start":{"line":49,"column":6},"end":{"line":49,"column":null}},"20":{"start":{"line":52,"column":4},"end":{"line":52,"column":null}},"21":{"start":{"line":53,"column":4},"end":{"line":53,"column":null}},"22":{"start":{"line":53,"column":17},"end":{"line":53,"column":null}},"23":{"start":{"line":57,"column":2},"end":{"line":68,"column":null}},"24":{"start":{"line":58,"column":17},"end":{"line":58,"column":null}},"25":{"start":{"line":60,"column":4},"end":{"line":64,"column":null}},"26":{"start":{"line":61,"column":6},"end":{"line":61,"column":null}},"27":{"start":{"line":63,"column":6},"end":{"line":63,"column":null}},"28":{"start":{"line":67,"column":4},"end":{"line":67,"column":null}},"29":{"start":{"line":70,"column":8},"end":{"line":72,"column":null}},"30":{"start":{"line":71,"column":4},"end":{"line":71,"column":null}},"31":{"start":{"line":74,"column":8},"end":{"line":81,"column":null}},"32":{"start":{"line":75,"column":4},"end":{"line":80,"column":null}},"33":{"start":{"line":76,"column":6},"end":{"line":76,"column":null}},"34":{"start":{"line":76,"column":28},"end":{"line":76,"column":null}},"35":{"start":{"line":77,"column":6},"end":{"line":77,"column":null}},"36":{"start":{"line":77,"column":27},"end":{"line":77,"column":null}},"37":{"start":{"line":79,"column":6},"end":{"line":79,"column":null}},"38":{"start":{"line":83,"column":8},"end":{"line":88,"column":null}},"39":{"start":{"line":83,"column":31},"end":{"line":88,"column":6}},"40":{"start":{"line":90,"column":2},"end":{"line":93,"column":null}},"41":{"start":{"line":97,"column":24},"end":{"line":103,"column":null}},"42":{"start":{"line":98,"column":8},"end":{"line":98,"column":null}},"43":{"start":{"line":99,"column":2},"end":{"line":101,"column":null}},"44":{"start":{"line":100,"column":4},"end":{"line":100,"column":null}},"45":{"start":{"line":102,"column":2},"end":{"line":102,"column":null}}},"fnMap":{"0":{"name":"getSystemTheme","decl":{"start":{"line":17,"column":9},"end":{"line":17,"column":44}},"loc":{"start":{"line":17,"column":44},"end":{"line":22,"column":null}},"line":17},"1":{"name":"(anonymous_1)","decl":{"start":{"line":24,"column":64},"end":{"line":24,"column":65}},"loc":{"start":{"line":24,"column":82},"end":{"line":95,"column":null}},"line":24},"2":{"name":"(anonymous_2)","decl":{"start":{"line":25,"column":49},"end":{"line":25,"column":55}},"loc":{"start":{"line":25,"column":55},"end":{"line":31,"column":3}},"line":25},"3":{"name":"(anonymous_3)","decl":{"start":{"line":37,"column":50},"end":{"line":37,"column":56}},"loc":{"start":{"line":37,"column":56},"end":{"line":42,"column":5}},"line":37},"4":{"name":"(anonymous_4)","decl":{"start":{"line":45,"column":12},"end":{"line":45,"column":18}},"loc":{"start":{"line":45,"column":18},"end":{"line":54,"column":5}},"line":45},"5":{"name":"(anonymous_5)","decl":{"start":{"line":48,"column":25},"end":{"line":48,"column":26}},"loc":{"start":{"line":48,"column":53},"end":{"line":50,"column":null}},"line":48},"6":{"name":"(anonymous_6)","decl":{"start":{"line":53,"column":11},"end":{"line":53,"column":17}},"loc":{"start":{"line":53,"column":17},"end":{"line":53,"column":null}},"line":53},"7":{"name":"(anonymous_7)","decl":{"start":{"line":57,"column":12},"end":{"line":57,"column":18}},"loc":{"start":{"line":57,"column":18},"end":{"line":68,"column":5}},"line":57},"8":{"name":"(anonymous_8)","decl":{"start":{"line":70,"column":31},"end":{"line":70,"column":32}},"loc":{"start":{"line":70,"column":52},"end":{"line":72,"column":5}},"line":70},"9":{"name":"(anonymous_9)","decl":{"start":{"line":74,"column":34},"end":{"line":74,"column":40}},"loc":{"start":{"line":74,"column":40},"end":{"line":81,"column":5}},"line":74},"10":{"name":"(anonymous_10)","decl":{"start":{"line":75,"column":18},"end":{"line":75,"column":19}},"loc":{"start":{"line":75,"column":28},"end":{"line":80,"column":5}},"line":75},"11":{"name":"(anonymous_11)","decl":{"start":{"line":83,"column":24},"end":{"line":83,"column":31}},"loc":{"start":{"line":83,
[...]
,0],"14":[4,4],"15":[4,0],"16":[4,0],"17":[0,4],"18":[0,4],"19":[4,0],"20":[0,4],"21":[0,4],"22":[4,0],"23":[4,3,0],"24":[1,3]},"meta":{"lastBranch":25,"lastFunction":10,"lastStatement":27,"seen":{"s:8:34:173:Infinity":0,"f:8:34:8:40":0,"s:9:12:9:Infinity":1,"s:10:22:10:Infinity":2,"s:11:22:11:Infinity":3,"s:12:24:12:Infinity":4,"s:14:65:14:Infinity":5,"s:15:25:15:Infinity":6,"s:17:27:22:Infinity":7,"f:17:27:17:28":1,"b:18:4:21:Infinity:undefined:undefined:undefined:undefined":0,"s:18:4:21:Infinity":8,"b:18:8:18:26:18:26:18:45":1,"s:19:6:19:Infinity":9,"s:20:6:20:Infinity":10,"s:24:22:31:Infinity":11,"f:24:22:24:28":2,"b:25:4:25:Infinity:undefined:undefined:undefined:undefined":2,"s:25:4:25:Infinity":12,"s:25:15:25:Infinity":13,"s:26:4:30:Infinity":14,"b:28:32:28:44:28:44:28:Infinity":3,"b:29:37:29:45:29:45:29:Infinity":4,"s:33:23:33:Infinity":15,"b:33:48:33:65:33:65:33:Infinity":5,"b:33:93:33:110:33:110:33:Infinity":6,"b:33:65:33:75:33:75:33:93":7,"s:35:8:38:Infinity":16,"f:35:37:35:38":3,"s:36:16:36:Infinity":17,"s:37:4:37:Infinity":18,"s:40:2:171:Infinity":19,"b:52:10:64:Infinity:66:10:168:Infinity":8,"f:76:25:76:31":4,"s:76:33:76:48":20,"s:76:48:76:57":21,"b:83:13:83:Infinity:84:14:86:Infinity":9,"b:90:14:145:Infinity:147:14:166:Infinity":10,"b:89:13:89:24:89:24:89:Infinity":11,"f:93:29:93:35":5,"s:93:35:93:Infinity":22,"b:96:26:96:Infinity:97:26:97:Infinity":12,"b:101:57:101:94:101:94:101:130":13,"b:102:23:102:41:102:41:102:Infinity":14,"b:104:65:104:102:104:102:104:133":15,"b:105:62:105:99:105:99:105:133":16,"f:109:29:109:35":6,"s:109:35:109:Infinity":23,"b:112:26:112:Infinity:113:26:113:Infinity":17,"b:117:63:117:100:117:100:117:136":18,"b:118:23:118:43:118:43:118:Infinity":19,"b:120:67:120:104:120:104:120:135":20,"b:121:64:121:101:121:101:121:135":21,"b:125:17:125:Infinity:126:18:135:Infinity":22,"f:131:32:131:33":7,"s:131:39:131:Infinity":24,"b:140:28:140:40:140:40:140:60:140:60:140:Infinity":23,"b:143:29:143:56:143:56:143:Infinity":24,"f:155:41:155:42":8,"s:156:20:163:Infinity":25,"f:158:31:158:37":9,"s:158:37:158:Infinity":26}}}
,"/home/slyfird/Documents/Projets/TaskPlex/frontend/src/services/api.ts": {"path":"/home/slyfird/Documents/Projets/TaskPlex/frontend/src/services/api.ts","statementMap":{"0":{"start":{"line":21,"column":16},"end":{"line":21,"column":null}},"1":{"start":{"line":24,"column":17},"end":{"line":24,"column":null}},"2":{"start":{"line":26,"column":12},"end":{"line":31,"column":null}},"3":{"start":{"line":38,"column":26},"end":{"line":147,"column":null}},"4":{"start":{"line":41,"column":21},"end":{"line":41,"column":null}},"5":{"start":{"line":42,"column":4},"end":{"line":42,"column":null}},"6":{"start":{"line":43,"column":4},"end":{"line":43,"column":null}},"7":{"start":{"line":44,"column":21},"end":{"line":44,"column":null}},"8":{"start":{"line":45,"column":4},"end":{"line":45,"column":null}},"9":{"start":{"line":50,"column":21},"end":{"line":50,"column":null}},"10":{"start":{"line":51,"column":4},"end":{"line":51,"column":null}},"11":{"start":{"line":52,"column":4},"end":{"line":52,"column":null}},"12":{"start":{"line":53,"column":21},"end":{"line":53,"column":null}},"13":{"start":{"line":54,"column":4},"end":{"line":54,"column":null}},"14":{"start":{"line":58,"column":21},"end":{"line":58,"column":null}},"15":{"start":{"line":59,"column":4},"end":{"line":59,"column":null}},"16":{"start":{"line":60,"column":4},"end":{"line":60,"column":null}},"17":{"start":{"line":61,"column":4},"end":{"line":61,"column":null}},"18":{"start":{"line":62,"column":21},"end":{"line":62,"column":null}},"19":{"start":{"line":63,"column":4},"end":{"line":63,"column":null}},"20":{"start":{"line":67,"column":21},"end":{"line":67,"column":null}},"21":{"start":{"line":68,"column":4},"end":{"line":68,"column":null}},"22":{"start":{"line":69,"column":4},"end":{"line":69,"column":null}},"23":{"start":{"line":70,"column":4},"end":{"line":70,"column":null}},"24":{"start":{"line":71,"column":21},"end":{"line":71,"column":null}},"25":{"start":{"line":72,"column":4},"end":{"line":72,"column":null}},"26":{"start":{"line":77,"column":21},"end":{"line":77,"column":null}},"27":{"start":{"line":78,"column":4},"end":{"line":78,"column":null}},"28":{"start":{"line":79,"column":21},"end":{"line":79,"column":null}},"29":{"start":{"line":80,"column":4},"end":{"line":80,"column":null}},"30":{"start":{"line":84,"column":21},"end":{"line":84,"column":null}},"31":{"start":{"line":85,"column":4},"end":{"line":85,"column":null}},"32":{"start":{"line":85,"column":26},"end":{"line":85,"column":56}},"33":{"start":{"line":86,"column":21},"end":{"line":86,"column":null}},"34":{"start":{"line":87,"column":4},"end":{"line":87,"column":null}},"35":{"start":{"line":91,"column":21},"end":{"line":91,"column":null}},"36":{"start":{"line":92,"column":4},"end":{"line":92,"column":null}},"37":{"start":{"line":93,"column":4},"end":{"line":93,"column":null}},"38":{"start":{"line":93,"column":15},"end":{"line":93,"column":null}},"39":{"start":{"line":94,"column":4},"end":{"line":94,"column":null}},"40":{"start":{"line":94,"column":20},"end":{"line":94,"column":null}},"41":{"start":{"line":95,"column":21},"end":{"line":95,"column":null}},"42":{"start":{"line":96,"column":4},"end":{"line":96,"column":null}},"43":{"start":{"line":100,"column":21},"end":{"line":100,"column":null}},"44":{"start":{"line":101,"column":4},"end":{"line":101,"column":null}},"45":{"start":{"line":102,"column":4},"end":{"line":102,"column":null}},"46":{"start":{"line":103,"column":21},"end":{"line":103,"column":null}},"47":{"start":{"line":104,"column":4},"end":{"line":104,"column":null}},"48":{"start":{"line":109,"column":21},"end":{"line":109,"column":null}},"49":{"start":{"line":110,"column":4},"end":{"line":110,"column":null}},"50":{"start":{"line":111,"column":4},"end":{"line":111,"column":null}},"51":{"start":{"line":112,"column":21},"end":{"line":112,"column":null}},"52":{"start":{"line":113,"column":4},"end":{"line":113,"column":null}},"53":{"start":{"line":117,"column":21},"end":{"line":117,"column":null}},"54":{"start":{"line":118,"column":4},"end":{"line":118,"column":null}},"55":{"start":{"line":119,"column":4},"end":{"line":119,"column":null}},"56":{"start":{"line":120,"column":4},"end":{"line":120,"column":null}},"57":{"start":{"line":121,"column":21},"end":{"line":121,"column":null}},"58":{"start":{"line":122,"column":4},"end":{"line":122,"column":null}},"59":{"start":{"line":127,"column":21},"end":{"line":131,"column":null}},"60":{"start":{"line":132,"column":4},"end":{"line":132,"column":null}},"61":{"start":{"line":137,"column":21},"end":{"line":141,"column":null}},"62":{"start":{"line":142,"column":4},"end":{"line":142,"column":null}},"63":{"start":{"line":146,"column":36},"end":{"line":146,"column":null}}},"fnMap":{"0":{"name":"(anonymous_0)","decl":{"start":{"line":40,"column":17},"end":{"line":40,"column":24}},"loc":{"start":{"line":40,"column":56},"end":{"line":46,"column":null}},"line":40},"1":{"name":"(anonymous_1)","decl":{"start":{"line":49,"column":22},"end":{"line":49,"column":29}},"loc":{"start":{"line":49,"column":83},"end":{"line":55,"column":null}},"line":49},"2":{"name":"(anonymous_2)","decl":{"start":{"line":57,"column":21},"end":{"line":57,"column":28}},"loc":{"start":{"line":57,"column":104},"end":{"line":64,"column":null}},"line":57},"3":{"name":"(anonymous_3)","decl":{"start":{"line":66,"column":16},"end":{"line":66,"column":23}},"loc":{"start":{"line":66,"column":77},"end":{"line":73,"column":null}},"line":66},"4":{"name":"(anonymous_4)","decl":{"start":{"line":76,"column":15},"end":{"line":76,"column":22}},"loc":{"start":{"line":76,"column":37},"end":{"line":81,"column":null}},"line":76},"5":{"name":"(anonymous_5)","decl":{"start":{"line":83,"column":13},"end":{"line":83,"column":20}},"loc":{"start":{"line":83,"column":38},"end":{"line":88,"column":null}},"line":83},"6":{"name":"(anonymous_6)","decl":{"start":{"line":85,"column":18},"end":{"line":85,"column":26}},"loc":{"start":{"line":85,"column":26},"end":{"line":85,"column":56}},"line":85},"7":{"name":"(anonymous_7)","decl":{"start":{"line":90,"column":12},"end":{"line":90,"column":19}},"loc":{"start":{"line":90,"column":71},"end":{"line":97,"column":null}},"line":90},"8":{"name":"(anonymous_8)","decl":{"start":{"line":99,"column":17},"end":{"line":99,"column":24}},"loc":{"start":{"line":99,"column":58},"end":{"line":105,"column":null}},"line":99},"9":{"name":"(anonymous_9)","decl":{"start":{"line":108,"column":17},"end":{"line":108,"column":24}},"loc":{"start":{"line":108,"column":56},"end":{"line":114,"column":null}},"line":108},"10":{"name":"(anonymous_10)","decl":{"start":{"line":116,"column":16},"end":{"line":116,"column":23}},"loc":{"start":{"line":116,"column":77},"end":{"line":123,"column":null}},"line":116},"11":{"name":"(anonymous_11)","decl":{"start":{"line":126,"column":13},"end":{"line":126,"column":20}},"loc":{"start":{"line":126,"column":69},"end":{"line":133,"column":null}},"line":126},"12":{"name":"(anonymous_12)","decl":{"start":{"line":136,"column":16},"end":{"line":136,"column":23}},"loc":{"start":{"line":136,"column":75},"end":{"line":143,"column":null}},"line":136},"13":{"name":"(anonymous_13)","decl":{"start":{"line":146,"column":18},"end":{"line":146,"column":19}},"loc":{"start":{"line":146,"column":36},"end":{"line":146,"column":null}},"line":146}},"branchMap":{"0":{"loc":{"start":{"line":21,"column":16},"end":{"line":21,"column":null}},"type":"binary-expr","locations":[{"start":{"line":21,"column":16},"end":{"line":21,"column":48}},{"start":{"line":21,"column":48},"end":{"line":21,"column":null}}],"line":21},"1":{"loc":{"start":{"line":93,"column":4},"end":{"line":93,"column":null}},"type":"if","locations":[{"start":{"line":93,"column":4},"end":{"line":93,"column":null}},{"start":{},"end":{}}],"line":93},"2":{"loc":{"start":{"line":94,"column":4},"end":{"line":94,"column":null}},"type":"if","locations":[{"start":{"line":94,"column":4},"end":{"line":94,"column":null}},{"start":{},"end":{}}],"line":94}},"s":{"0":10,"1":10,"2":10,"3":10,"4":2,"5":2,"6":2,"7":2,"8":2,"9":0,"10":0,"11":0,"12":0,"13":0,"14":0,"15":0,"16":0,"17":0,"18":0,"19":0,"20":1,"21":1,"22":1,"23":1,"24":1,"25":1,"26":3,"27":3,"28":3,"29":2,"30":3,"31":3,"32":7,"33":3,"34":3,"35":3,"36":3,"37":3,"38":0,"39":3,"40":1,"41":3,"42":3,"43":2,"44":2,"45":2,"46":2,"47":1,"48":2,"49":2,"50":2,"51":2,"52":2,"53":2,"54":2,"55":2,"56":2,"57":2,"58":1,"59":5,"60":5,"61":7,"62":7,"63":0},"f":{"0":2,"1":0,"2":0,"3":1,"4":3,"5":3,"6":7,"7":3,"8":2,"9":2,"10":2,"11":5,"12":7,"13":0},"b":{"0":[10,0],"1":[0,3],"2":[1,2]},"meta":{"lastBranch":3,"lastFunction":14,"lastStatement":64,"seen":{"s:21:16:21:Infinity":0,"b:21:16:21:48:21:48:21:Infinity":0,"s:24:17:24:Infinity":1,"s:26:12:31:Infinity":2,"s:38:26:147:Infinity":3,"f:40:17:40:24":0,"s:41:21:41:Infinity":4,"s:42:4:42:Infinity":5,"s:43:4:43:Infinity":6,"s:44:21:44:Infinity":7,"s:45:4:45:Infinity":8,"f:49:22:49:29":1,"s:50:21:50:Infinity":9,"s:51:4:51:Infinity":10,"s:52:4:52:Infinity":11,"s:53:21:53:Infinity":12,"s:54:4:54:Infinity":13,"f:57:21:57:28":2,"s:58:21:58:Infinity":14,"s:59:4:59:Infinity":15,"s:60:4:60:Infinity":16,"s:61:4:61:Infinity":17,"s:62:21:62:Infinity":18,"s:63:4:63:Infinity":19,"f:66:16:66:23":3,"s:67:21:67:Infinity":20,"s:68:4:68:Infinity":21,"s:69:4:69:Infinity":22,"s:70:4:70:Infinity":23,"s:71:21:71:Infinity":24,"s:72:4:72:Infinity":25,"f:76:15:76:22":4,"s:77:21:77:Infinity":26,"s:78:4:78:Infinity":27,"s:79:21:79:Infinity":28,"s:80:4:80:Infinity":29,"f:83:13:83:20":5,"s:84:21:84:Infinity":30,"s:85:4:85:Infinity":31,"f:85:18:85:26":6,"s:85:26:85:56":32,"s:86:21:86:Infinity":33,"s:87:4:87:Infinity":34,"f:90:12:90:19":7,"s:91:21:91:Infinity":35,"s:92:4:92:Infinity":36,"b:93:4:93:Infinity:undefined:undefined:undefined:undefined":1,"s:93:4:93:Infinity":37,"s:93:15:93:Infinity":38,"b:94:4:94:Infinity:undefined:undefined:undefined:undefined":2,"s:94:4:94:Infinity":39,"s:94:20:94:Infinity":40,"s:95:21:95:Infinity":41,"s:96:4:96:Infinity":42,"f:99:17:99:24":8,"s:100:21:100:Infinity":43,"s:101:4:101:Infinity":44,"s:102:4:102:Infinity":45,"s:103:21:103:Infinity":46,"s:104:4:104:Infinity":47,"f:108:17:108:24":9,"s:109:21:109:Infinity":48,"s:110:4:110:Infinity":49,"s:111:4:111:Infinity":50,"s:112:21:112:Infinity":51,"s:113:4:113:Infinity":52,"f:116:16:116:23":10,"s:117:21:117:Infinity":53,"s:118:4:118:Infinity":54,"s:119:4:119:Infinity":55,"s:120:4:120:Infinity":56,"s:121:21:121:Infinity":57,"s:122:4:122:Infinity":58,"f:126:13:126:20":11,"s:127:21:131:Infinity":59,"s:132:4:132:Infinity":60,"f:136:16:136:23":12,"s:137:21:141:Infinity":61,"s:142:4:142:Infinity":62,"f:146:18:146:19":13,"s:146:36:146:Infinity":63}}}
,"/home/slyfird/Documents/Projets/TaskPlex/frontend/src/utils/environment.ts": {"path":"/home/slyfird/Documents/Projets/TaskPlex/frontend/src/utils/environment.ts","statementMap":{"0":{"start":{"line":21,"column":40},"end":{"line":21,"column":null}},"1":{"start":{"line":27,"column":2},"end":{"line":32,"column":null}},"2":{"start":{"line":28,"column":4},"end":{"line":29,"column":null}},"3":{"start":{"line":31,"column":4},"end":{"line":31,"column":null}},"4":{"start":{"line":39,"column":2},"end":{"line":41,"column":null}},"5":{"start":{"line":40,"column":4},"end":{"line":40,"column":null}},"6":{"start":{"line":43,"column":2},"end":{"line":64,"column":null}},"7":{"start":{"line":44,"column":25},"end":{"line":44,"column":null}},"8":{"start":{"line":45,"column":15},"end":{"line":45,"column":null}},"9":{"start":{"line":47,"column":4},"end":{"line":56,"column":null}},"10":{"start":{"line":49,"column":8},"end":{"line":49,"column":null}},"11":{"start":{"line":51,"column":8},"end":{"line":51,"column":null}},"12":{"start":{"line":53,"column":8},"end":{"line":53,"column":null}},"13":{"start":{"line":55,"column":8},"end":{"line":55,"column":null}},"14":{"start":{"line":59,"column":15},"end":{"line":59,"column":null}},"15":{"start":{"line":60,"column":4},"end":{"line":60,"column":null}},"16":{"start":{"line":60,"column":30},"end":{"line":60,"column":null}},"17":{"start":{"line":61,"column":4},"end":{"line":61,"column":null}},"18":{"start":{"line":61,"column":28},"end":{"line":61,"column":null}},"19":{"start":{"line":62,"column":4},"end":{"line":62,"column":null}},"20":{"start":{"line":62,"column":28},"end":{"line":62,"column":null}},"21":{"start":{"line":63,"column":4},"end":{"line":63,"column":null}},"22":{"start":{"line":71,"column":2},"end":{"line":73,"column":null}},"23":{"start":{"line":72,"column":4},"end":{"line":72,"column":null}},"24":{"start":{"line":75,"column":19},"end":{"line":75,"column":null}},"25":{"start":{"line":76,"column":19},"end":{"line":76,"column":null}},"26":{"start":{"line":78,"column":2},"end":{"line":87,"column":null}},"27":{"start":{"line":89,"column":2},"end":{"line":89,"column":null}},"28":{"start":{"line":96,"column":19},"end":{"line":96,"column":null}},"29":{"start":{"line":97,"column":2},"end":{"line":102,"column":null}},"30":{"start":{"line":109,"column":2},"end":{"line":109,"column":null}}},"fnMap":{"0":{"name":"isTauri","decl":{"start":{"line":26,"column":16},"end":{"line":26,"column":35}},"loc":{"start":{"line":26,"column":35},"end":{"line":33,"column":null}},"line":26},"1":{"name":"detectPlatform","decl":{"start":{"line":38,"column":22},"end":{"line":38,"column":58}},"loc":{"start":{"line":38,"column":58},"end":{"line":65,"column":null}},"line":38},"2":{"name":"getEnvironment","decl":{"start":{"line":70,"column":22},"end":{"line":70,"column":65}},"loc":{"start":{"line":70,"column":65},"end":{"line":90,"column":null}},"line":70},"3":{"name":"getEnvironmentSync","decl":{"start":{"line":95,"column":16},"end":{"line":95,"column":107}},"loc":{"start":{"line":95,"column":107},"end":{"line":103,"column":null}},"line":95},"4":{"name":"resetEnvironmentCache","decl":{"start":{"line":108,"column":16},"end":{"line":108,"column":46}},"loc":{"start":{"line":108,"column":46},"end":{"line":110,"column":null}},"line":108}},"branchMap":{"0":{"loc":{"start":{"line":28,"column":11},"end":{"line":29,"column":null}},"type":"binary-expr","locations":[{"start":{"line":28,"column":11},"end":{"line":28,"column":null}},{"start":{"line":29,"column":12},"end":{"line":29,"column":47}},{"start":{"line":29,"column":47},"end":{"line":29,"column":null}}],"line":28},"1":{"loc":{"start":{"line":39,"column":2},"end":{"line":41,"column":null}},"type":"if","locations":[{"start":{"line":39,"column":2},"end":{"line":41,"column":null}},{"start":{},"end":{}}],"line":39},"2":{"loc":{"start":{"line":47,"column":4},"end":{"line":56,"column":null}},"type":"switch","locations":[{"start":{"line":48,"column":6},"end":{"line":49,"column":null}},{"start":{"line":50,"column":6},"end":{"line":51,"column":null}},{"start":{"line":52,"column":6},"end":{"line":53,"column":null}},{"start":{"line":54,"column":6},"end":{"line":55,"column":null}}],"line":47},"3":{"loc":{"start":{"line":60,"column":4},"end":{"line":60,"column":null}},"type":"if","locations":[{"start":{"line":60,"column":4},"end":{"line":60,"column":null}},{"start":{},"end":{}}],"line":60},"4":{"loc":{"start":{"line":61,"column":4},"end":{"line":61,"column":null}},"type":"if","locations":[{"start":{"line":61,"column":4},"end":{"line":61,"column":null}},{"start":{},"end":{}}],"line":61},"5":{"loc":{"start":{"line":62,"column":4},"end":{"line":62,"column":null}},"type":"if","locations":[{"start":{"line":62,"column":4},"end":{"line":62,"column":null}},{"start":{},"end":{}}],"line":62},"6":{"loc":{"start":{"line":71,"column":2},"end":{"line":73,"column":null}},"type":"if","locations":[{"start":{"line":71,"column":2},"end":{"line":73,"column":null}},{"start":{},"end":{}}],"line":71},"7":{"loc":{"start":{"line":79,"column":13},"end":{"line":79,"column":null}},"type":"cond-expr","locations":[{"start":{"line":79,"column":24},"end":{"line":79,"column":34}},{"start":{"line":79,"column":34},"end":{"line":79,"column":null}}],"line":79},"8":{"loc":{"start":{"line":98,"column":13},"end":{"line":98,"column":null}},"type":"cond-expr","locations":[{"start":{"line":98,"column":24},"end":{"line":98,"column":34}},{"start":{"line":98,"column":34},"end":{"line":98,"column":null}}],"line":98}},"s":{"0":1,"1":8,"2":8,"3":0,"4":0,"5":0,"6":0,"7":0,"8":0,"9":0,"10":0,"11":0,"12":0,"13":0,"14":0,"15":0,"16":0,"17":0,"18":0,"19":0,"20":0,"21":0,"22":0,"23":0,"24":0,"25":0,"26":0,"27":0,"28":5,"29":5,"30":16},"f":{"0":8,"1":0,"2":0,"3":5,"4":16},"b":{"0":[8,8,3],"1":[0,0],"2":[0,0,0,0],"3":[0,0],"4":[0,0],"5":[0,0],"6":[0,0],"7":[0,0],"8":[4,1]},"meta":{"lastBranch":9,"lastFunction":5,"lastStatement":31,"seen":{"s:21:40:21:Infinity":0,"f:26:16:26:35":0,"s:27:2:32:Infinity":1,"s:28:4:29:Infinity":2,"b:28:11:28:Infinity:29:12:29:47:29:47:29:Infinity":0,"s:31:4:31:Infinity":3,"f:38:22:38:58":1,"b:39:2:41:Infinity:undefined:undefined:undefined:undefined":1,"s:39:2:41:Infinity":4,"s:40:4:40:Infinity":5,"s:43:2:64:Infinity":6,"s:44:25:44:Infinity":7,"s:45:15:45:Infinity":8,"b:48:6:49:Infinity:50:6:51:Infinity:52:6:53:Infinity:54:6:55:Infinity":2,"s:47:4:56:Infinity":9,"s:49:8:49:Infinity":10,"s:51:8:51:Infinity":11,"s:53:8:53:Infinity":12,"s:55:8:55:Infinity":13,"s:59:15:59:Infinity":14,"b:60:4:60:Infinity:undefined:undefined:undefined:undefined":3,"s:60:4:60:Infinity":15,"s:60:30:60:Infinity":16,"b:61:4:61:Infinity:undefined:undefined:undefined:undefined":4,"s:61:4:61:Infinity":17,"s:61:28:61:Infinity":18,"b:62:4:62:Infinity:undefined:undefined:undefined:undefined":5,"s:62:4:62:Infinity":19,"s:62:28:62:Infinity":20,"s:63:4:63:Infinity":21,"f:70:22:70:65":2,"b:71:2:73:Infinity:undefined:undefined:undefined:undefined":6,"s:71:2:73:Infinity":22,"s:72:4:72:Infinity":23,"s:75:19:75:Infinity":24,"s:76:19:76:Infinity":25,"s:78:2:87:Infinity":26,"b:79:24:79:34:79:34:79:Infinity":7,"s:89:2:89:Infinity":27,"f:95:16:95:107":3,"s:96:19:96:Infinity":28,"s:97:2:102:Infinity":29,"b:98:24:98:34:98:34:98:Infinity":8,"f:108:16:108:46":4,"s:109:2:109:Infinity":30}}}
}
