TN:
SF:src/components/ui/DownloadNotifications.tsx
FN:7,(anonymous_0)
FN:17,(anonymous_1)
FN:38,(anonymous_2)
FN:129,(anonymous_3)
FN:134,(anonymous_4)
FN:136,(anonymous_5)
FN:139,(anonymous_6)
FN:142,(anonymous_7)
FN:152,(anonymous_8)
FN:164,(anonymous_9)
FN:168,(anonymous_10)
FN:169,(anonymous_11)
FNF:12
FNH:0
FNDA:0,(anonymous_0)
FNDA:0,(anonymous_1)
FNDA:0,(anonymous_2)
FNDA:0,(anonymous_3)
FNDA:0,(anonymous_4)
FNDA:0,(anonymous_5)
FNDA:0,(anonymous_6)
FNDA:0,(anonymous_7)
FNDA:0,(anonymous_8)
FNDA:0,(anonymous_9)
FNDA:0,(anonymous_10)
FNDA:0,(anonymous_11)
DA:7,4
DA:8,0
DA:9,0
DA:12,0
DA:17,4
DA:18,0
DA:19,0
DA:20,0
DA:21,0
DA:22,0
DA:23,0
DA:25,0
DA:26,0
DA:38,4
DA:45,0
DA:47,0
DA:65,0
DA:67,0
DA:129,4
DA:130,0
DA:131,0
DA:134,0
DA:136,0
DA:137,0
DA:139,0
DA:142,0
DA:144,0
DA:145,0
DA:146,0
DA:147,0
DA:148,0
DA:149,0
DA:152,0
DA:153,0
DA:154,0
DA:156,0
DA:160,0
DA:162,0
DA:165,0
DA:168,0
DA:169,0
LF:41
LH:4
BRDA:9,0,0,0
BRDA:9,0,1,0
BRDA:9,0,2,0
BRDA:82,1,0,0
BRDA:82,1,1,0
BRDA:83,2,0,0
BRDA:83,2,1,0
BRDA:84,3,0,0
BRDA:84,3,1,0
BRDA:84,3,2,0
BRDA:87,4,0,0
BRDA:87,4,1,0
BRDA:99,5,0,0
BRDA:99,5,1,0
BRDA:154,6,0,0
BRDA:154,6,1,0
BRDA:160,7,0,0
BRDA:160,7,1,0
BRF:18
BRH:0
end_of_record
TN:
SF:src/components/ui/ErrorAlert.tsx
FN:9,(anonymous_0)
FNF:1
FNH:1
FNDA:27,(anonymous_0)
DA:9,4
DA:10,27
DA:12,0
LF:3
LH:2
BRDA:9,0,0,27
BRDA:10,1,0,27
BRDA:10,1,1,0
BRF:3
BRH:2
end_of_record
TN:
SF:src/components/ui/FileDropzone.tsx
FN:33,(anonymous_0)
FN:48,(anonymous_1)
FN:58,(anonymous_2)
FN:68,(anonymous_3)
FNF:4
FNH:2
FNDA:27,(anonymous_0)
FNDA:7,(anonymous_1)
FNDA:0,(anonymous_2)
FNDA:0,(anonymous_3)
DA:19,4
DA:26,4
DA:33,4
DA:44,27
DA:45,27
DA:47,27
DA:49,7
DA:50,7
DA:51,7
DA:57,27
DA:59,0
DA:60,0
DA:61,0
DA:62,0
DA:68,27
DA:69,0
DA:72,27
LF:17
LH:12
BRDA:37,0,0,27
BRDA:40,1,0,27
BRDA:41,2,0,27
BRDA:42,3,0,27
BRDA:49,4,0,0
BRDA:49,4,1,7
BRDA:50,5,0,7
BRDA:50,5,1,0
BRDA:50,6,0,7
BRDA:50,6,1,7
BRDA:60,7,0,0
BRDA:60,7,1,0
BRDA:61,8,0,0
BRDA:61,8,1,0
BRDA:61,9,0,0
BRDA:61,9,1,0
BRDA:74,10,0,27
BRDA:74,10,1,27
BRDA:83,11,0,0
BRDA:83,11,1,27
BRDA:93,12,0,0
BRDA:93,12,1,27
BRDA:95,13,0,11
BRDA:95,13,1,16
BRDA:106,14,0,16
BRDA:106,14,1,0
BRF:26
BRH:15
end_of_record
TN:
SF:src/components/ui/FormatSelector.tsx
FN:13,(anonymous_0)
FN:32,(anonymous_1)
FN:38,(anonymous_2)
FNF:3
FNH:2
FNDA:3,(anonymous_0)
FNDA:0,(anonymous_1)
FNDA:19,(anonymous_2)
DA:13,4
DA:21,3
DA:23,3
DA:32,0
DA:39,19
LF:5
LH:4
BRDA:18,0,0,3
BRDA:19,1,0,3
BRDA:25,2,0,3
BRDA:25,2,1,3
BRDA:35,3,0,0
BRDA:35,3,1,3
BRF:6
BRH:5
end_of_record
TN:
SF:src/components/ui/OperationToggle.tsx
FN:26,(anonymous_0)
FN:45,(anonymous_1)
FN:49,(anonymous_2)
FNF:3
FNH:3
FNDA:27,(anonymous_0)
FNDA:54,(anonymous_1)
FNDA:6,(anonymous_2)
DA:19,4
DA:26,4
DA:35,27
DA:37,27
DA:46,54
DA:49,6
LF:6
LH:6
BRDA:31,0,0,27
BRDA:32,1,0,27
BRDA:33,2,0,27
BRDA:39,3,0,27
BRDA:39,3,1,27
BRDA:52,4,0,27
BRDA:52,4,1,27
BRDA:55,5,0,0
BRDA:55,5,1,54
BRF:9
BRH:8
end_of_record
TN:
SF:src/components/ui/ProcessButton.tsx
FN:22,(anonymous_0)
FNF:1
FNH:1
FNDA:27,(anonymous_0)
DA:15,4
DA:22,4
DA:31,27
DA:32,27
DA:34,27
LF:5
LH:5
BRDA:24,0,0,27
BRDA:25,1,0,27
BRDA:28,2,0,27
BRDA:29,3,0,27
BRDA:32,4,0,27
BRDA:32,4,1,11
BRDA:40,5,0,16
BRDA:40,5,1,11
BRDA:45,6,0,27
BRDA:45,6,1,0
BRDA:46,7,0,0
BRDA:46,7,1,27
BRDA:46,8,0,27
BRDA:46,8,1,0
BRF:14
BRH:11
end_of_record
TN:
SF:src/components/ui/ProgressBar.tsx
FN:36,(anonymous_0)
FN:54,(anonymous_1)
FN:70,(anonymous_2)
FN:93,(anonymous_3)
FN:171,(anonymous_4)
FN:177,(anonymous_5)
FNF:6
FNH:6
FNDA:25,(anonymous_0)
FNDA:22,(anonymous_1)
FNDA:21,(anonymous_2)
FNDA:20,(anonymous_3)
FNDA:5,(anonymous_4)
FNDA:4,(anonymous_5)
DA:30,5
DA:36,5
DA:40,25
DA:42,3
DA:44,15
DA:46,3
DA:48,4
DA:50,0
DA:54,5
DA:64,22
DA:65,22
DA:66,22
DA:68,22
DA:70,21
DA:71,21
DA:72,3
DA:73,1
DA:74,1
DA:75,1
DA:79,18
DA:81,2
DA:83,11
DA:85,2
DA:87,3
DA:89,0
DA:93,21
DA:94,20
DA:96,2
DA:98,13
DA:100,2
DA:102,3
DA:104,0
DA:108,21
DA:109,22
DA:111,22
DA:171,5
DA:172,5
DA:173,5
DA:175,5
DA:177,4
DA:178,4
DA:179,1
DA:180,1
DA:181,2
DA:185,4
DA:187,5
LF:46
LH:43
BRDA:38,0,0,25
BRDA:40,1,0,3
BRDA:40,1,1,15
BRDA:40,1,2,3
BRDA:40,1,3,4
BRDA:40,1,4,0
BRDA:58,2,0,22
BRDA:59,3,0,22
BRDA:60,4,0,22
BRDA:61,5,0,22
BRDA:62,6,0,22
BRDA:68,7,0,1
BRDA:68,7,1,21
BRDA:71,8,0,3
BRDA:71,8,1,18
BRDA:72,9,0,1
BRDA:72,9,1,1
BRDA:72,9,2,1
BRDA:79,10,0,18
BRDA:79,10,1,11
BRDA:79,10,2,2
BRDA:79,10,3,3
BRDA:79,10,4,0
BRDA:94,11,0,2
BRDA:94,11,1,13
BRDA:94,11,2,2
BRDA:94,11,3,3
BRDA:94,11,4,0
BRDA:108,12,0,21
BRDA:108,12,1,20
BRDA:116,13,0,22
BRDA:116,13,1,21
BRDA:117,14,0,0
BRDA:117,14,1,21
BRDA:121,15,0,22
BRDA:121,15,1,20
BRDA:121,15,2,17
BRDA:122,16,0,0
BRDA:122,16,1,17
BRDA:133,17,0,0
BRDA:133,17,1,21
BRDA:141,18,0,14
BRDA:141,18,1,7
BRDA:152,19,0,22
BRDA:152,19,1,14
BRDA:154,20,0,0
BRDA:154,20,1,14
BRDA:155,21,0,0
BRDA:155,21,1,14
BRDA:171,22,0,5
BRDA:175,23,0,1
BRDA:175,23,1,4
BRDA:178,24,0,1
BRDA:178,24,1,1
BRDA:178,24,2,2
BRDA:181,25,0,0
BRDA:181,25,1,2
BRDA:185,26,0,4
BRDA:185,26,1,0
BRDA:190,27,0,5
BRDA:190,27,1,3
BRDA:190,27,2,2
BRF:62
BRH:52
end_of_record
TN:
SF:src/components/ui/QualitySelector.tsx
FN:36,(anonymous_0)
FN:55,(anonymous_1)
FN:59,(anonymous_2)
FNF:3
FNH:2
FNDA:27,(anonymous_0)
FNDA:81,(anonymous_1)
FNDA:0,(anonymous_2)
DA:15,4
DA:34,4
DA:36,4
DA:44,27
DA:45,27
DA:47,27
DA:56,81
DA:59,0
LF:8
LH:7
BRDA:40,0,0,27
BRDA:41,1,0,27
BRDA:42,2,0,27
BRDA:49,3,0,27
BRDA:49,3,1,27
BRDA:62,4,0,27
BRDA:62,4,1,54
BRDA:63,5,0,0
BRDA:63,5,1,81
BRF:9
BRH:8
end_of_record
TN:
SF:src/components/ui/ResultCard.tsx
FN:48,(anonymous_0)
FN:65,(anonymous_1)
FNF:2
FNH:2
FNDA:17,(anonymous_0)
FNDA:2,(anonymous_1)
DA:21,5
DA:48,5
DA:61,17
DA:62,17
DA:63,17
DA:65,17
DA:66,2
DA:67,2
DA:68,2
DA:69,2
DA:70,2
DA:74,17
DA:76,16
DA:77,17
DA:83,17
LF:15
LH:15
BRDA:56,0,0,17
BRDA:57,1,0,17
BRDA:58,2,0,17
BRDA:67,3,0,2
BRDA:67,3,1,0
BRDA:69,4,0,2
BRDA:69,4,1,1
BRDA:69,4,2,0
BRDA:74,5,0,1
BRDA:74,5,1,16
BRDA:76,6,0,16
BRDA:76,6,1,2
BRDA:77,7,0,2
BRDA:77,7,1,14
BRDA:79,8,0,1
BRDA:79,8,1,13
BRDA:92,9,0,17
BRDA:92,9,1,15
BRDA:94,10,0,17
BRDA:94,10,1,3
BRDA:97,11,0,3
BRDA:97,11,1,2
BRDA:107,12,0,17
BRDA:107,12,1,3
BRF:24
BRH:22
end_of_record
TN:
SF:src/components/ui/index.ts
FNF:0
FNH:0
LF:0
LH:0
BRF:0
BRH:0
end_of_record
TN:
SF:src/config/icons.ts
FN:200,getIcon
FNF:1
FNH:1
FNDA:303,getIcon
DA:32,1
DA:201,303
LF:2
LH:2
BRDA:201,0,0,303
BRDA:201,0,1,0
BRF:2
BRH:1
end_of_record
TN:
SF:src/config/modules.ts
FN:1103,getModuleById
FN:1104,(anonymous_1)
FN:1110,getModulesByCategory
FN:1111,(anonymous_3)
FN:1117,getImplementedModules
FN:1118,(anonymous_5)
FN:1124,getPlaceholderModules
FN:1125,(anonymous_7)
FN:1131,getAllModules
FNF:9
FNH:1
FNDA:0,getModuleById
FNDA:0,(anonymous_1)
FNDA:0,getModulesByCategory
FNDA:0,(anonymous_3)
FNDA:0,getImplementedModules
FNDA:0,(anonymous_5)
FNDA:0,getPlaceholderModules
FNDA:0,(anonymous_7)
FNDA:4,getAllModules
DA:32,1
DA:1087,1
DA:1104,0
DA:1111,0
DA:1118,0
DA:1125,0
DA:1132,4
LF:7
LH:3
BRF:0
BRH:0
end_of_record
TN:
SF:src/contexts/DownloadNotificationContext.tsx
FN:25,(anonymous_0)
FN:28,(anonymous_1)
FN:36,(anonymous_2)
FN:40,(anonymous_3)
FN:41,(anonymous_4)
FN:41,(anonymous_5)
FN:48,(anonymous_6)
FN:49,(anonymous_7)
FN:49,(anonymous_8)
FN:52,(anonymous_9)
FN:53,(anonymous_10)
FN:54,(anonymous_11)
FN:59,(anonymous_12)
FN:60,(anonymous_13)
FN:60,(anonymous_14)
FN:65,(anonymous_15)
FN:69,(anonymous_16)
FN:84,(anonymous_17)
FNF:18
FNH:8
FNDA:72,(anonymous_0)
FNDA:8,(anonymous_1)
FNDA:8,(anonymous_2)
FNDA:0,(anonymous_3)
FNDA:0,(anonymous_4)
FNDA:0,(anonymous_5)
FNDA:0,(anonymous_6)
FNDA:0,(anonymous_7)
FNDA:0,(anonymous_8)
FNDA:3,(anonymous_9)
FNDA:3,(anonymous_10)
FNDA:3,(anonymous_11)
FNDA:0,(anonymous_12)
FNDA:0,(anonymous_13)
FNDA:0,(anonymous_14)
FNDA:0,(anonymous_15)
FNDA:72,(anonymous_16)
FNDA:45,(anonymous_17)
DA:21,15
DA:23,15
DA:25,15
DA:26,72
DA:28,72
DA:29,8
DA:30,8
DA:36,8
DA:39,8
DA:40,5
DA:41,0
DA:45,8
DA:48,72
DA:49,0
DA:52,72
DA:53,3
DA:54,3
DA:58,3
DA:59,0
DA:60,0
DA:65,72
DA:66,0
DA:69,72
DA:77,72
DA:84,15
DA:85,45
DA:86,45
DA:87,0
DA:89,45
LF:29
LH:23
BRDA:39,0,0,5
BRDA:39,0,1,3
BRDA:54,1,0,3
BRDA:54,1,1,0
BRDA:58,2,0,0
BRDA:58,2,1,3
BRDA:86,3,0,0
BRDA:86,3,1,45
BRF:8
BRH:5
end_of_record
TN:
SF:src/contexts/FavoritesContext.tsx
FN:18,(anonymous_0)
FN:19,(anonymous_1)
FN:27,(anonymous_2)
FN:35,(anonymous_3)
FN:41,(anonymous_4)
FN:47,(anonymous_5)
FN:48,(anonymous_6)
FN:50,(anonymous_7)
FN:55,(anonymous_8)
FN:57,(anonymous_9)
FN:58,(anonymous_10)
FN:76,(anonymous_11)
FNF:12
FNH:12
FNDA:75,(anonymous_0)
FNDA:67,(anonymous_1)
FNDA:67,(anonymous_2)
FNDA:72,(anonymous_3)
FNDA:70,(anonymous_4)
FNDA:7,(anonymous_5)
FNDA:7,(anonymous_6)
FNDA:1,(anonymous_7)
FNDA:344,(anonymous_8)
FNDA:3,(anonymous_9)
FNDA:3,(anonymous_10)
FNDA:25,(anonymous_11)
DA:5,15
DA:6,15
DA:16,15
DA:18,15
DA:19,75
DA:20,67
DA:21,67
DA:22,67
DA:24,0
DA:27,75
DA:28,67
DA:29,67
DA:30,67
DA:32,0
DA:35,75
DA:36,72
DA:37,72
DA:41,75
DA:42,70
DA:43,70
DA:47,75
DA:48,7
DA:49,7
DA:50,1
DA:55,344
DA:57,75
DA:58,3
DA:61,75
DA:76,15
DA:77,25
DA:78,25
DA:79,2
DA:81,23
LF:33
LH:31
BRDA:20,0,0,67
BRDA:20,0,1,0
BRDA:22,1,0,43
BRDA:22,1,1,24
BRDA:28,2,0,67
BRDA:28,2,1,0
BRDA:30,3,0,43
BRDA:30,3,1,24
BRDA:36,4,0,72
BRDA:36,4,1,0
BRDA:42,5,0,70
BRDA:42,5,1,0
BRDA:49,6,0,1
BRDA:49,6,1,6
BRDA:78,7,0,2
BRDA:78,7,1,23
BRF:16
BRH:12
end_of_record
TN:
SF:src/contexts/ThemeContext.tsx
FN:17,getSystemTheme
FN:24,(anonymous_1)
FN:25,(anonymous_2)
FN:37,(anonymous_3)
FN:45,(anonymous_4)
FN:48,(anonymous_5)
FN:53,(anonymous_6)
FN:57,(anonymous_7)
FN:70,(anonymous_8)
FN:74,(anonymous_9)
FN:75,(anonymous_10)
FN:83,(anonymous_11)
FN:97,(anonymous_12)
FNF:13
FNH:0
FNDA:0,getSystemTheme
FNDA:0,(anonymous_1)
FNDA:0,(anonymous_2)
FNDA:0,(anonymous_3)
FNDA:0,(anonymous_4)
FNDA:0,(anonymous_5)
FNDA:0,(anonymous_6)
FNDA:0,(anonymous_7)
FNDA:0,(anonymous_8)
FNDA:0,(anonymous_9)
FNDA:0,(anonymous_10)
FNDA:0,(anonymous_11)
FNDA:0,(anonymous_12)
DA:13,4
DA:15,4
DA:18,0
DA:19,0
DA:21,0
DA:24,4
DA:25,0
DA:26,0
DA:27,0
DA:28,0
DA:30,0
DA:34,0
DA:37,0
DA:38,0
DA:39,0
DA:41,0
DA:45,0
DA:46,0
DA:48,0
DA:49,0
DA:52,0
DA:53,0
DA:57,0
DA:58,0
DA:60,0
DA:61,0
DA:63,0
DA:67,0
DA:70,0
DA:71,0
DA:74,0
DA:75,0
DA:76,0
DA:77,0
DA:79,0
DA:83,0
DA:90,0
DA:97,4
DA:98,0
DA:99,0
DA:100,0
DA:102,0
LF:42
LH:4
BRDA:18,0,0,0
BRDA:18,0,1,0
BRDA:19,1,0,0
BRDA:19,1,1,0
BRDA:26,2,0,0
BRDA:26,2,1,0
BRDA:28,3,0,0
BRDA:28,3,1,0
BRDA:38,4,0,0
BRDA:38,4,1,0
BRDA:49,5,0,0
BRDA:49,5,1,0
BRDA:60,6,0,0
BRDA:60,6,1,0
BRDA:76,7,0,0
BRDA:76,7,1,0
BRDA:77,8,0,0
BRDA:77,8,1,0
BRDA:79,9,0,0
BRDA:79,9,1,0
BRDA:99,10,0,0
BRDA:99,10,1,0
BRF:22
BRH:0
end_of_record
TN:
SF:src/hooks/useDownload.ts
FN:9,(anonymous_0)
FN:13,(anonymous_1)
FN:68,(anonymous_2)
FNF:3
FNH:3
FNDA:45,(anonymous_0)
FNDA:3,(anonymous_1)
FNDA:5,(anonymous_2)
DA:9,10
DA:10,45
DA:12,45
DA:15,3
DA:18,3
DA:24,3
DA:26,3
DA:28,0
DA:29,0
DA:32,0
DA:35,0
DA:36,0
DA:37,0
DA:38,0
DA:39,0
DA:40,0
DA:41,0
DA:42,0
DA:45,0
DA:50,0
DA:52,3
DA:55,3
DA:60,3
DA:67,45
DA:69,5
DA:72,5
DA:73,5
DA:74,5
DA:75,5
DA:76,5
DA:77,5
DA:80,5
DA:86,5
DA:91,45
LF:34
LH:21
BRDA:9,0,0,45
BRDA:15,1,0,3
BRDA:15,1,1,2
BRDA:15,1,2,0
BRDA:28,2,0,0
BRDA:28,2,1,0
BRDA:52,3,0,3
BRDA:52,3,1,0
BRDA:60,4,0,2
BRDA:60,4,1,0
BRDA:69,5,0,5
BRDA:69,5,1,3
BRDA:69,5,2,1
BRF:13
BRH:8
end_of_record
TN:
SF:src/hooks/useFavorites.ts
FNF:0
FNH:0
LF:0
LH:0
BRF:0
BRH:0
end_of_record
TN:
SF:src/hooks/useImage.ts
FN:5,(anonymous_0)
FN:7,(anonymous_1)
FN:13,(anonymous_2)
FN:15,(anonymous_3)
FNF:4
FNH:4
FNDA:20,(anonymous_0)
FNDA:2,(anonymous_1)
FNDA:20,(anonymous_2)
FNDA:2,(anonymous_3)
DA:5,3
DA:6,20
DA:8,2
DA:13,3
DA:14,20
DA:16,2
LF:6
LH:6
BRF:0
BRH:0
end_of_record
TN:
SF:src/hooks/usePDF.ts
FN:5,(anonymous_0)
FN:7,(anonymous_1)
FN:13,(anonymous_2)
FN:15,(anonymous_3)
FN:21,(anonymous_4)
FN:23,(anonymous_5)
FN:29,(anonymous_6)
FN:31,(anonymous_7)
FNF:8
FNH:8
FNDA:14,(anonymous_0)
FNDA:3,(anonymous_1)
FNDA:15,(anonymous_2)
FNDA:3,(anonymous_3)
FNDA:15,(anonymous_4)
FNDA:3,(anonymous_5)
FNDA:7,(anonymous_6)
FNDA:2,(anonymous_7)
DA:5,6
DA:6,14
DA:8,3
DA:13,6
DA:14,15
DA:16,3
DA:21,6
DA:22,15
DA:24,3
DA:29,6
DA:30,7
DA:32,2
LF:12
LH:12
BRF:0
BRH:0
end_of_record
TN:
SF:src/hooks/useRegex.ts
FN:11,(anonymous_0)
FN:13,(anonymous_1)
FNF:2
FNH:2
FNDA:86,(anonymous_0)
FNDA:8,(anonymous_1)
DA:11,3
DA:12,86
DA:16,8
LF:3
LH:3
BRF:0
BRH:0
end_of_record
TN:
SF:src/hooks/useTaskProgress.ts
FN:48,useTaskProgress
FN:64,(anonymous_1)
FN:78,(anonymous_2)
FN:85,(anonymous_3)
FN:88,(anonymous_4)
FN:99,(anonymous_5)
FN:102,(anonymous_6)
FN:116,(anonymous_7)
FN:120,(anonymous_8)
FN:126,(anonymous_9)
FN:134,(anonymous_10)
FN:144,(anonymous_11)
FN:148,(anonymous_12)
FN:165,(anonymous_13)
FN:197,(anonymous_14)
FN:210,(anonymous_15)
FN:216,(anonymous_16)
FN:228,(anonymous_17)
FN:230,(anonymous_18)
FN:241,(anonymous_19)
FNF:20
FNH:15
FNDA:42,useTaskProgress
FNDA:29,(anonymous_1)
FNDA:8,(anonymous_2)
FNDA:3,(anonymous_3)
FNDA:3,(anonymous_4)
FNDA:2,(anonymous_5)
FNDA:2,(anonymous_6)
FNDA:1,(anonymous_7)
FNDA:1,(anonymous_8)
FNDA:0,(anonymous_9)
FNDA:0,(anonymous_10)
FNDA:0,(anonymous_11)
FNDA:0,(anonymous_12)
FNDA:10,(anonymous_13)
FNDA:8,(anonymous_14)
FNDA:0,(anonymous_15)
FNDA:2,(anonymous_16)
FNDA:1,(anonymous_17)
FNDA:1,(anonymous_18)
FNDA:7,(anonymous_19)
DA:11,3
DA:49,42
DA:58,42
DA:59,42
DA:64,42
DA:65,29
DA:66,5
DA:67,5
DA:69,29
DA:70,8
DA:71,8
DA:78,42
DA:79,8
DA:81,8
DA:82,8
DA:85,8
DA:86,3
DA:87,3
DA:88,3
DA:94,0
DA:99,8
DA:100,2
DA:101,2
DA:102,2
DA:109,2
DA:111,0
DA:116,8
DA:117,1
DA:118,1
DA:119,1
DA:120,1
DA:126,0
DA:134,0
DA:140,1
DA:144,8
DA:145,0
DA:146,0
DA:147,0
DA:148,0
DA:155,0
DA:165,42
DA:169,10
DA:172,10
DA:181,10
DA:183,10
DA:185,10
DA:186,0
DA:190,10
DA:192,9
DA:193,1
DA:197,8
DA:206,8
DA:209,2
DA:210,0
DA:216,2
DA:228,42
DA:229,1
DA:230,1
DA:241,42
DA:242,7
DA:243,7
DA:253,42
LF:62
LH:51
BRDA:11,0,0,3
BRDA:11,0,1,0
BRDA:65,1,0,5
BRDA:65,1,1,24
BRDA:69,2,0,8
BRDA:69,2,1,21
BRDA:91,3,0,3
BRDA:91,3,1,1
BRDA:91,3,2,1
BRDA:117,4,0,1
BRDA:117,4,1,0
BRDA:117,5,0,1
BRDA:117,5,1,1
BRDA:123,6,0,1
BRDA:123,6,1,0
BRDA:147,7,0,0
BRDA:147,7,1,0
BRDA:151,8,0,0
BRDA:151,8,1,0
BRDA:185,9,0,0
BRDA:185,9,1,10
BRDA:192,10,0,1
BRDA:192,10,1,8
BRDA:209,11,0,0
BRDA:209,11,1,2
BRDA:209,12,0,2
BRDA:209,12,1,2
BRDA:219,13,0,2
BRDA:219,13,1,0
BRDA:260,14,0,42
BRDA:260,14,1,42
BRF:31
BRH:21
end_of_record
TN:
SF:src/hooks/useUnits.ts
FN:11,(anonymous_0)
FN:13,(anonymous_1)
FNF:2
FNH:2
FNDA:43,(anonymous_0)
FNDA:9,(anonymous_1)
DA:11,3
DA:12,43
DA:14,9
LF:3
LH:3
BRF:0
BRH:0
end_of_record
TN:
SF:src/hooks/useVideo.ts
FN:5,(anonymous_0)
FN:7,(anonymous_1)
FN:13,(anonymous_2)
FN:15,(anonymous_3)
FNF:4
FNH:4
FNDA:7,(anonymous_0)
FNDA:2,(anonymous_1)
FNDA:4,(anonymous_2)
FNDA:1,(anonymous_3)
DA:5,1
DA:6,7
DA:8,2
DA:13,1
DA:14,4
DA:16,1
LF:6
LH:6
BRF:0
BRH:0
end_of_record
TN:
SF:src/i18n/config.ts
FNF:0
FNH:0
DA:8,26
DA:20,26
LF:2
LH:2
BRF:0
BRH:0
end_of_record
TN:
SF:src/i18n/locales/en.json
FNF:0
FNH:0
LF:0
LH:0
BRF:0
BRH:0
end_of_record
TN:
SF:src/i18n/locales/es.json
FNF:0
FNH:0
LF:0
LH:0
BRF:0
BRH:0
end_of_record
TN:
SF:src/i18n/locales/fr.json
FNF:0
FNH:0
LF:0
LH:0
BRF:0
BRH:0
end_of_record
TN:
SF:src/pages/HomeDashboard.tsx
FN:21,(anonymous_0)
FN:33,(anonymous_1)
FN:55,(anonymous_2)
FN:98,(anonymous_3)
FN:113,(anonymous_4)
FN:125,(anonymous_5)
FN:128,(anonymous_6)
FN:134,(anonymous_7)
FN:138,(anonymous_8)
FN:158,(anonymous_9)
FN:163,(anonymous_10)
FN:173,(anonymous_11)
FNF:12
FNH:9
FNDA:303,(anonymous_0)
FNDA:0,(anonymous_1)
FNDA:0,(anonymous_2)
FNDA:40,(anonymous_3)
FNDA:4,(anonymous_4)
FNDA:101,(anonymous_5)
FNDA:40,(anonymous_6)
FNDA:0,(anonymous_7)
FNDA:1,(anonymous_8)
FNDA:40,(anonymous_9)
FNDA:1,(anonymous_10)
FNDA:336,(anonymous_11)
DA:21,1
DA:28,303
DA:30,303
DA:33,0
DA:56,0
DA:57,0
DA:89,1
DA:98,1
DA:99,40
DA:111,1
DA:113,1
DA:114,4
DA:115,4
DA:116,4
DA:117,4
DA:120,4
DA:123,4
DA:125,101
DA:128,40
DA:134,4
DA:135,0
DA:138,4
DA:139,1
DA:142,4
DA:159,40
DA:163,1
DA:174,336
LF:27
LH:23
BRDA:60,0,0,0
BRDA:60,0,1,303
BRDA:65,1,0,0
BRDA:65,1,1,303
BRDA:73,2,0,303
BRDA:73,2,1,0
BRDA:80,3,0,303
BRDA:80,3,1,273
BRDA:102,4,0,4
BRDA:102,4,1,36
BRDA:123,5,0,3
BRDA:123,5,1,1
BRF:12
BRH:9
end_of_record
TN:
SF:src/pages/ImageScreen.tsx
FN:24,(anonymous_0)
FN:40,(anonymous_1)
FN:51,(anonymous_2)
FN:57,(anonymous_3)
FN:69,(anonymous_4)
FNF:5
FNH:4
FNDA:14,(anonymous_0)
FNDA:4,(anonymous_1)
FNDA:3,(anonymous_2)
FNDA:0,(anonymous_3)
FNDA:7,(anonymous_4)
DA:17,2
DA:22,2
DA:24,2
DA:25,14
DA:26,14
DA:27,14
DA:28,14
DA:29,14
DA:30,14
DA:32,14
DA:33,14
DA:35,14
DA:36,14
DA:37,14
DA:40,14
DA:41,4
DA:42,4
DA:43,4
DA:45,0
DA:47,4
DA:48,4
DA:51,14
DA:52,3
DA:53,3
DA:54,3
DA:57,14
DA:58,0
DA:60,0
DA:61,0
DA:62,0
DA:64,0
DA:65,0
DA:69,14
DA:70,7
DA:71,7
DA:72,7
DA:75,14
LF:37
LH:30
BRDA:35,0,0,14
BRDA:35,0,1,14
BRDA:36,1,0,14
BRDA:36,1,1,14
BRDA:37,2,0,14
BRDA:37,2,1,14
BRDA:42,3,0,4
BRDA:42,3,1,0
BRDA:58,4,0,0
BRDA:58,4,1,0
BRDA:60,5,0,0
BRDA:60,5,1,0
BRDA:70,6,0,0
BRDA:70,6,1,7
BRDA:71,7,0,0
BRDA:71,7,1,7
BRDA:71,8,0,7
BRDA:71,8,1,0
BRDA:110,9,0,14
BRDA:110,9,1,2
BRDA:123,10,0,12
BRDA:123,10,1,2
BRDA:141,11,0,6
BRDA:141,11,1,8
BRDA:150,12,0,14
BRDA:150,12,1,6
BRDA:162,13,0,14
BRDA:162,13,1,0
BRDA:162,13,2,0
BRDA:167,14,0,0
BRDA:167,14,1,14
BRDA:173,15,0,0
BRDA:173,15,1,14
BRDA:184,16,0,14
BRDA:184,16,1,0
BRDA:194,17,0,14
BRDA:194,17,1,0
BRDA:194,17,2,0
BRF:38
BRH:23
end_of_record
TN:
SF:src/pages/RegexScreen.tsx
FN:6,(anonymous_0)
FN:22,(anonymous_1)
FN:23,(anonymous_2)
FN:31,(anonymous_3)
FN:34,(anonymous_4)
FN:35,(anonymous_5)
FN:37,(anonymous_6)
FN:49,(anonymous_7)
FN:56,(anonymous_8)
FN:61,(anonymous_9)
FN:78,(anonymous_10)
FN:121,(anonymous_11)
FN:139,(anonymous_12)
FN:145,(anonymous_13)
FN:168,(anonymous_14)
FNF:15
FNH:13
FNDA:71,(anonymous_0)
FNDA:68,(anonymous_1)
FNDA:3,(anonymous_2)
FNDA:68,(anonymous_3)
FNDA:1,(anonymous_4)
FNDA:1,(anonymous_5)
FNDA:1,(anonymous_6)
FNDA:29,(anonymous_7)
FNDA:0,(anonymous_8)
FNDA:1,(anonymous_9)
FNDA:0,(anonymous_10)
FNDA:21,(anonymous_11)
FNDA:284,(anonymous_12)
FNDA:1,(anonymous_13)
FNDA:35,(anonymous_14)
DA:6,2
DA:7,71
DA:8,71
DA:9,71
DA:10,71
DA:13,71
DA:16,71
DA:17,71
DA:22,71
DA:23,68
DA:24,3
DA:25,3
DA:27,0
DA:31,68
DA:34,71
DA:35,1
DA:36,1
DA:37,1
DA:42,71
DA:49,71
DA:50,29
DA:51,28
DA:56,1
DA:58,1
DA:59,1
DA:61,1
DA:63,1
DA:64,0
DA:70,1
DA:79,0
DA:87,1
DA:91,1
DA:92,1
DA:97,1
DA:100,71
DA:121,21
DA:140,284
DA:145,1
DA:168,35
LF:39
LH:36
BRDA:16,0,0,2
BRDA:16,0,1,69
BRDA:17,1,0,0
BRDA:17,1,1,71
BRDA:18,2,0,0
BRDA:18,2,1,0
BRDA:19,3,0,1
BRDA:19,3,1,70
BRDA:19,4,0,71
BRDA:19,4,1,3
BRDA:19,5,0,1
BRDA:19,5,1,0
BRDA:24,6,0,3
BRDA:24,6,1,0
BRDA:24,7,0,3
BRDA:24,7,1,3
BRDA:36,8,0,1
BRDA:36,8,1,0
BRDA:50,9,0,28
BRDA:50,9,1,1
BRDA:50,10,0,29
BRDA:50,10,1,2
BRDA:50,10,2,2
BRDA:63,11,0,0
BRDA:63,11,1,1
BRDA:76,12,0,1
BRDA:76,12,1,0
BRDA:91,13,0,1
BRDA:91,13,1,0
BRDA:116,14,0,1
BRDA:116,14,1,70
BRDA:127,15,0,71
BRDA:127,15,1,1
BRDA:178,16,0,71
BRDA:178,16,1,0
BRDA:179,17,0,71
BRDA:179,17,1,2
BRDA:179,17,2,2
BRDA:188,18,0,29
BRDA:188,18,1,42
BRDA:188,19,0,71
BRDA:188,19,1,50
BRF:42
BRH:32
end_of_record
TN:
SF:src/pages/UnitsScreen.tsx
FN:6,(anonymous_0)
FN:45,(anonymous_1)
FN:59,(anonymous_2)
FN:67,(anonymous_3)
FN:75,(anonymous_4)
FN:84,(anonymous_5)
FN:99,(anonymous_6)
FN:100,(anonymous_7)
FN:103,(anonymous_8)
FN:106,(anonymous_9)
FN:123,(anonymous_10)
FN:126,(anonymous_11)
FN:150,(anonymous_12)
FN:156,(anonymous_13)
FN:159,(anonymous_14)
FN:193,(anonymous_15)
FN:196,(anonymous_16)
FNF:17
FNH:15
FNDA:23,(anonymous_0)
FNDA:23,(anonymous_1)
FNDA:410,(anonymous_2)
FNDA:1,(anonymous_3)
FNDA:2,(anonymous_4)
FNDA:2,(anonymous_5)
FNDA:19,(anonymous_6)
FNDA:2,(anonymous_7)
FNDA:19,(anonymous_8)
FNDA:2,(anonymous_9)
FNDA:138,(anonymous_10)
FNDA:1,(anonymous_11)
FNDA:4,(anonymous_12)
FNDA:0,(anonymous_13)
FNDA:182,(anonymous_14)
FNDA:0,(anonymous_15)
FNDA:182,(anonymous_16)
DA:6,23
DA:45,2
DA:46,23
DA:47,23
DA:48,23
DA:49,23
DA:50,23
DA:51,23
DA:52,23
DA:56,23
DA:59,23
DA:60,410
DA:61,410
DA:63,410
DA:67,23
DA:68,1
DA:69,1
DA:70,1
DA:71,1
DA:72,1
DA:75,23
DA:76,2
DA:77,0
DA:78,0
DA:81,2
DA:85,2
DA:86,2
DA:87,2
DA:88,2
DA:99,23
DA:100,19
DA:101,2
DA:103,19
DA:106,23
DA:107,2
DA:108,2
DA:111,23
DA:124,138
DA:126,1
DA:150,4
DA:156,0
DA:160,182
DA:193,0
DA:197,182
LF:44
LH:40
BRDA:63,0,0,410
BRDA:63,0,1,0
BRDA:70,1,0,1
BRDA:70,1,1,0
BRDA:76,2,0,0
BRDA:76,2,1,2
BRDA:76,3,0,2
BRDA:76,3,1,2
BRDA:85,4,0,2
BRDA:85,4,1,0
BRDA:87,5,0,1
BRDA:87,5,1,1
BRDA:128,6,0,23
BRDA:128,6,1,115
BRDA:181,7,0,0
BRDA:181,7,1,23
BRDA:185,8,0,23
BRDA:185,8,1,0
BRDA:204,9,0,23
BRDA:204,9,1,0
BRDA:207,10,0,0
BRDA:207,10,1,0
BRDA:216,11,0,4
BRDA:216,11,1,19
BRDA:216,12,0,23
BRDA:216,12,1,4
BRF:26
BRH:17
end_of_record
TN:
SF:src/pages/VideoScreen.tsx
FN:36,(anonymous_0)
FN:60,(anonymous_1)
FN:65,(anonymous_2)
FN:70,(anonymous_3)
FN:74,(anonymous_4)
FN:78,(anonymous_5)
FN:84,(anonymous_6)
FN:88,(anonymous_7)
FNF:8
FNH:3
FNDA:13,(anonymous_0)
FNDA:3,(anonymous_1)
FNDA:3,(anonymous_2)
FNDA:0,(anonymous_3)
FNDA:0,(anonymous_4)
FNDA:0,(anonymous_5)
FNDA:0,(anonymous_6)
FNDA:0,(anonymous_7)
DA:29,2
DA:34,2
DA:36,2
DA:37,13
DA:38,13
DA:39,13
DA:40,13
DA:41,13
DA:57,13
DA:60,13
DA:61,3
DA:62,3
DA:65,13
DA:66,3
DA:67,3
DA:70,13
DA:71,0
DA:73,0
DA:74,0
DA:75,0
DA:78,0
DA:79,0
DA:84,13
DA:85,0
DA:88,13
DA:89,0
DA:90,0
DA:94,13
DA:95,13
DA:97,13
LF:30
LH:21
BRDA:71,0,0,0
BRDA:71,0,1,0
BRDA:73,1,0,0
BRDA:73,1,1,0
BRDA:95,2,0,13
BRDA:95,2,1,13
BRDA:95,3,0,0
BRDA:95,3,1,13
BRDA:95,4,0,13
BRDA:95,4,1,0
BRDA:135,5,0,13
BRDA:135,5,1,1
BRDA:146,6,0,13
BRDA:146,6,1,0
BRDA:169,7,0,13
BRDA:169,7,1,13
BRDA:169,7,2,13
BRDA:174,8,0,12
BRDA:174,8,1,1
BRDA:181,9,0,13
BRDA:181,9,1,0
BRDA:198,10,0,13
BRDA:198,10,1,0
BRDA:207,11,0,0
BRDA:207,11,1,0
BRDA:216,12,0,0
BRDA:216,12,1,13
BRDA:216,13,0,13
BRDA:216,13,1,0
BRDA:216,13,2,0
BRDA:219,14,0,0
BRDA:219,14,1,0
BRDA:237,15,0,13
BRDA:237,15,1,13
BRDA:245,16,0,13
BRDA:245,16,1,0
BRF:36
BRH:19
end_of_record
TN:
SF:src/pages/pdf/PDFCompress.tsx
FN:8,(anonymous_0)
FN:15,(anonymous_1)
FN:22,(anonymous_2)
FN:29,(anonymous_3)
FN:73,(anonymous_4)
FNF:5
FNH:3
FNDA:10,(anonymous_0)
FNDA:3,(anonymous_1)
FNDA:2,(anonymous_2)
FNDA:0,(anonymous_3)
FNDA:0,(anonymous_4)
DA:8,2
DA:9,10
DA:10,10
DA:12,10
DA:13,10
DA:15,10
DA:16,3
DA:17,3
DA:18,3
DA:22,10
DA:23,2
DA:24,2
DA:27,10
DA:29,10
DA:30,0
DA:31,0
DA:32,0
DA:33,0
DA:37,10
DA:73,0
LF:20
LH:15
BRDA:16,0,0,3
BRDA:16,0,1,0
BRDA:16,1,0,3
BRDA:16,1,1,3
BRDA:23,2,0,0
BRDA:23,2,1,2
BRDA:27,3,0,1
BRDA:27,3,1,9
BRDA:27,4,0,0
BRDA:27,4,1,9
BRDA:27,5,0,9
BRDA:27,5,1,0
BRDA:30,6,0,0
BRDA:30,6,1,0
BRDA:32,7,0,0
BRDA:32,7,1,0
BRDA:48,8,0,5
BRDA:48,8,1,5
BRDA:80,9,0,5
BRDA:80,9,1,1
BRDA:86,10,0,5
BRDA:86,10,1,0
BRDA:86,11,0,5
BRDA:86,11,1,0
BRDA:92,12,0,1
BRDA:92,12,1,4
BRDA:100,13,0,0
BRDA:100,13,1,0
BRDA:100,13,2,0
BRDA:109,14,0,0
BRDA:109,14,1,0
BRF:31
BRH:16
end_of_record
TN:
SF:src/pages/pdf/PDFMerge.tsx
FN:8,(anonymous_0)
FN:14,(anonymous_1)
FN:17,(anonymous_2)
FN:22,(anonymous_3)
FN:23,(anonymous_4)
FN:23,(anonymous_5)
FN:27,(anonymous_6)
FN:34,(anonymous_7)
FN:71,(anonymous_8)
FN:81,(anonymous_9)
FNF:10
FNH:5
FNDA:9,(anonymous_0)
FNDA:3,(anonymous_1)
FNDA:3,(anonymous_2)
FNDA:0,(anonymous_3)
FNDA:0,(anonymous_4)
FNDA:0,(anonymous_5)
FNDA:1,(anonymous_6)
FNDA:0,(anonymous_7)
FNDA:7,(anonymous_8)
FNDA:0,(anonymous_9)
DA:8,2
DA:9,9
DA:10,9
DA:11,9
DA:12,9
DA:14,9
DA:15,3
DA:16,3
DA:17,3
DA:18,3
DA:22,9
DA:23,0
DA:24,0
DA:27,9
DA:28,1
DA:29,1
DA:32,9
DA:34,9
DA:35,0
DA:36,0
DA:37,0
DA:38,0
DA:42,9
DA:72,7
DA:81,0
LF:25
LH:18
BRDA:15,0,0,3
BRDA:15,0,1,0
BRDA:28,1,0,0
BRDA:28,1,1,1
BRDA:32,2,0,0
BRDA:32,2,1,9
BRDA:32,3,0,0
BRDA:32,3,1,9
BRDA:32,4,0,9
BRDA:32,4,1,0
BRDA:35,5,0,0
BRDA:35,5,1,0
BRDA:37,6,0,0
BRDA:37,6,1,0
BRDA:53,7,0,5
BRDA:53,7,1,4
BRDA:102,8,0,4
BRDA:102,8,1,0
BRDA:108,9,0,4
BRDA:108,9,1,0
BRDA:108,10,0,4
BRDA:108,10,1,0
BRDA:111,11,0,4
BRDA:111,11,1,3
BRDA:114,12,0,1
BRDA:114,12,1,3
BRDA:124,13,0,0
BRDA:124,13,1,0
BRF:28
BRH:14
end_of_record
TN:
SF:src/pages/pdf/PDFReorganize.tsx
FN:24,(anonymous_0)
FN:51,(anonymous_1)
FN:68,(anonymous_2)
FN:77,(anonymous_3)
FN:87,(anonymous_4)
FN:88,(anonymous_5)
FN:95,(anonymous_6)
FN:98,(anonymous_7)
FN:99,(anonymous_8)
FN:100,(anonymous_9)
FN:106,(anonymous_10)
FN:108,(anonymous_11)
FN:155,(anonymous_12)
FN:178,(anonymous_13)
FN:188,(anonymous_14)
FNF:15
FNH:2
FNDA:0,(anonymous_0)
FNDA:1,(anonymous_1)
FNDA:1,(anonymous_2)
FNDA:0,(anonymous_3)
FNDA:0,(anonymous_4)
FNDA:0,(anonymous_5)
FNDA:0,(anonymous_6)
FNDA:0,(anonymous_7)
FNDA:0,(anonymous_8)
FNDA:0,(anonymous_9)
FNDA:0,(anonymous_10)
FNDA:0,(anonymous_11)
FNDA:0,(anonymous_12)
FNDA:0,(anonymous_13)
FNDA:0,(anonymous_14)
DA:17,1
DA:24,1
DA:25,0
DA:26,0
DA:28,0
DA:33,0
DA:51,1
DA:52,1
DA:53,1
DA:54,1
DA:56,1
DA:57,1
DA:60,1
DA:62,1
DA:68,1
DA:69,1
DA:70,0
DA:71,0
DA:72,0
DA:73,0
DA:77,1
DA:78,0
DA:79,0
DA:80,0
DA:81,0
DA:82,0
DA:83,0
DA:87,1
DA:88,0
DA:92,0
DA:95,1
DA:96,0
DA:97,0
DA:98,0
DA:99,0
DA:100,0
DA:101,0
DA:106,1
DA:107,0
DA:108,0
DA:109,0
DA:112,1
DA:114,1
DA:155,0
DA:178,0
DA:189,0
LF:46
LH:18
BRDA:69,0,0,0
BRDA:69,0,1,1
BRDA:69,1,0,1
BRDA:69,1,1,0
BRDA:69,1,2,0
BRDA:72,2,0,0
BRDA:72,2,1,0
BRDA:78,3,0,0
BRDA:78,3,1,0
BRDA:78,4,0,0
BRDA:78,4,1,0
BRDA:97,5,0,0
BRDA:97,5,1,0
BRDA:107,6,0,0
BRDA:107,6,1,0
BRDA:112,7,0,0
BRDA:112,7,1,1
BRDA:112,8,0,0
BRDA:112,8,1,1
BRDA:112,9,0,1
BRDA:112,9,1,0
BRDA:125,10,0,1
BRDA:125,10,1,0
BRDA:153,11,0,0
BRDA:153,11,1,0
BRDA:165,12,0,0
BRDA:165,12,1,0
BRF:27
BRH:6
end_of_record
TN:
SF:src/pages/pdf/PDFSplit.tsx
FN:8,(anonymous_0)
FN:17,(anonymous_1)
FN:24,(anonymous_2)
FN:35,(anonymous_3)
FN:76,(anonymous_4)
FN:93,(anonymous_5)
FN:109,(anonymous_6)
FN:131,(anonymous_7)
FN:155,(anonymous_8)
FN:158,(anonymous_9)
FNF:10
FNH:3
FNDA:9,(anonymous_0)
FNDA:3,(anonymous_1)
FNDA:1,(anonymous_2)
FNDA:0,(anonymous_3)
FNDA:0,(anonymous_4)
FNDA:0,(anonymous_5)
FNDA:0,(anonymous_6)
FNDA:0,(anonymous_7)
FNDA:0,(anonymous_8)
FNDA:0,(anonymous_9)
DA:8,2
DA:9,9
DA:10,9
DA:11,9
DA:12,9
DA:14,9
DA:15,9
DA:17,9
DA:18,3
DA:19,3
DA:20,3
DA:24,9
DA:25,1
DA:26,1
DA:33,9
DA:35,9
DA:36,0
DA:37,0
DA:40,9
DA:76,0
DA:93,0
DA:109,0
DA:131,0
DA:156,0
DA:158,0
LF:25
LH:17
BRDA:18,0,0,3
BRDA:18,0,1,0
BRDA:18,1,0,3
BRDA:18,1,1,3
BRDA:25,2,0,0
BRDA:25,2,1,1
BRDA:28,3,0,0
BRDA:28,3,1,1
BRDA:29,4,0,0
BRDA:29,4,1,1
BRDA:33,5,0,0
BRDA:33,5,1,9
BRDA:33,6,0,0
BRDA:33,6,1,9
BRDA:33,7,0,9
BRDA:33,7,1,0
BRDA:51,8,0,5
BRDA:51,8,1,4
BRDA:83,9,0,4
BRDA:83,9,1,0
BRDA:89,10,0,4
BRDA:89,10,1,0
BRDA:89,11,0,4
BRDA:89,11,1,0
BRDA:95,12,0,4
BRDA:95,12,1,0
BRDA:101,13,0,4
BRDA:101,13,1,0
BRDA:102,14,0,4
BRDA:102,14,1,4
BRDA:104,15,0,4
BRDA:104,15,1,0
BRDA:105,16,0,4
BRDA:105,16,1,0
BRDA:111,17,0,0
BRDA:111,17,1,4
BRDA:117,18,0,0
BRDA:117,18,1,4
BRDA:118,19,0,4
BRDA:118,19,1,0
BRDA:120,20,0,0
BRDA:120,20,1,4
BRDA:121,21,0,0
BRDA:121,21,1,4
BRDA:125,22,0,4
BRDA:125,22,1,0
BRDA:140,23,0,4
BRDA:140,23,1,3
BRDA:140,23,2,0
BRDA:143,24,0,1
BRDA:143,24,1,3
BRF:51
BRH:30
end_of_record
TN:
SF:src/services/api.ts
FN:40,(anonymous_0)
FN:49,(anonymous_1)
FN:57,(anonymous_2)
FN:66,(anonymous_3)
FN:76,(anonymous_4)
FN:83,(anonymous_5)
FN:85,(anonymous_6)
FN:90,(anonymous_7)
FN:99,(anonymous_8)
FN:108,(anonymous_9)
FN:116,(anonymous_10)
FN:126,(anonymous_11)
FN:136,(anonymous_12)
FN:146,(anonymous_13)
FNF:14
FNH:11
FNDA:2,(anonymous_0)
FNDA:0,(anonymous_1)
FNDA:0,(anonymous_2)
FNDA:1,(anonymous_3)
FNDA:3,(anonymous_4)
FNDA:3,(anonymous_5)
FNDA:7,(anonymous_6)
FNDA:3,(anonymous_7)
FNDA:2,(anonymous_8)
FNDA:2,(anonymous_9)
FNDA:2,(anonymous_10)
FNDA:5,(anonymous_11)
FNDA:7,(anonymous_12)
FNDA:0,(anonymous_13)
DA:21,10
DA:24,10
DA:26,10
DA:38,10
DA:41,2
DA:42,2
DA:43,2
DA:44,2
DA:45,2
DA:50,0
DA:51,0
DA:52,0
DA:53,0
DA:54,0
DA:58,0
DA:59,0
DA:60,0
DA:61,0
DA:62,0
DA:63,0
DA:67,1
DA:68,1
DA:69,1
DA:70,1
DA:71,1
DA:72,1
DA:77,3
DA:78,3
DA:79,3
DA:80,2
DA:84,3
DA:85,7
DA:86,3
DA:87,3
DA:91,3
DA:92,3
DA:93,3
DA:94,3
DA:95,3
DA:96,3
DA:100,2
DA:101,2
DA:102,2
DA:103,2
DA:104,1
DA:109,2
DA:110,2
DA:111,2
DA:112,2
DA:113,2
DA:117,2
DA:118,2
DA:119,2
DA:120,2
DA:121,2
DA:122,1
DA:127,5
DA:132,5
DA:137,7
DA:142,7
DA:146,0
LF:61
LH:49
BRDA:21,0,0,10
BRDA:21,0,1,0
BRDA:93,1,0,0
BRDA:93,1,1,3
BRDA:94,2,0,1
BRDA:94,2,1,2
BRF:6
BRH:4
end_of_record
TN:
SF:src/utils/environment.ts
FN:26,isTauri
FN:38,detectPlatform
FN:70,getEnvironment
FN:95,getEnvironmentSync
FN:108,resetEnvironmentCache
FNF:5
FNH:3
FNDA:8,isTauri
FNDA:0,detectPlatform
FNDA:0,getEnvironment
FNDA:5,getEnvironmentSync
FNDA:16,resetEnvironmentCache
DA:21,1
DA:27,8
DA:28,8
DA:31,0
DA:39,0
DA:40,0
DA:43,0
DA:44,0
DA:45,0
DA:47,0
DA:49,0
DA:51,0
DA:53,0
DA:55,0
DA:59,0
DA:60,0
DA:61,0
DA:62,0
DA:63,0
DA:71,0
DA:72,0
DA:75,0
DA:76,0
DA:78,0
DA:89,0
DA:96,5
DA:97,5
DA:109,16
LF:28
LH:6
BRDA:28,0,0,8
BRDA:28,0,1,8
BRDA:28,0,2,3
BRDA:39,1,0,0
BRDA:39,1,1,0
BRDA:47,2,0,0
BRDA:47,2,1,0
BRDA:47,2,2,0
BRDA:47,2,3,0
BRDA:60,3,0,0
BRDA:60,3,1,0
BRDA:61,4,0,0
BRDA:61,4,1,0
BRDA:62,5,0,0
BRDA:62,5,1,0
BRDA:71,6,0,0
BRDA:71,6,1,0
BRDA:79,7,0,0
BRDA:79,7,1,0
BRDA:98,8,0,4
BRDA:98,8,1,1
BRF:21
BRH:5
end_of_record
